Unity Editor version:    2021.2.3f1 (32358a8527b4)
Branch:                  2021.2/staging
Build type:              Release
Batch mode:              YES
macOS version:           Version 11.4 (Build 20F71)
Darwin version:          20.5.0
Architecture:            x86_64
Running under Rosetta:   NO
Available memory:        16384 MB
Using pre-set license
Pro License: NO

COMMAND LINE ARGUMENTS:
/Applications/Unity/Hub/Editor/2021.2.3f1/Unity.app/Contents/MacOS/Unity
-adb2
-batchMode
-noUpm
-name
AssetImportWorker0
-projectPath
/Users/hwaming/Documents/OCBC Documents/FRANK/Metaverse/frank-metaverse
-logFile
Logs/AssetImportWorker0.log
-srvPort
53449
Successfully changed project path to: /Users/hwaming/Documents/OCBC Documents/FRANK/Metaverse/frank-metaverse
/Users/hwaming/Documents/OCBC Documents/FRANK/Metaverse/frank-metaverse
[UnityMemory] Configuration Parameters - Can be set up in boot.config
    "memorysetup-bucket-allocator-granularity=16"
    "memorysetup-bucket-allocator-bucket-count=8"
    "memorysetup-bucket-allocator-block-size=33554432"
    "memorysetup-bucket-allocator-block-count=8"
    "memorysetup-main-allocator-block-size=16777216"
    "memorysetup-thread-allocator-block-size=16777216"
    "memorysetup-gfx-main-allocator-block-size=16777216"
    "memorysetup-gfx-thread-allocator-block-size=16777216"
    "memorysetup-cache-allocator-block-size=4194304"
    "memorysetup-typetree-allocator-block-size=2097152"
    "memorysetup-profiler-bucket-allocator-granularity=16"
    "memorysetup-profiler-bucket-allocator-bucket-count=8"
    "memorysetup-profiler-bucket-allocator-block-size=33554432"
    "memorysetup-profiler-bucket-allocator-block-count=8"
    "memorysetup-profiler-allocator-block-size=16777216"
    "memorysetup-profiler-editor-allocator-block-size=1048576"
    "memorysetup-temp-allocator-size-main=16777216"
    "memorysetup-job-temp-allocator-block-size=2097152"
    "memorysetup-job-temp-allocator-block-size-background=1048576"
    "memorysetup-job-temp-allocator-reduction-small-platforms=262144"
    "memorysetup-temp-allocator-size-background-worker=32768"
    "memorysetup-temp-allocator-size-job-worker=262144"
    "memorysetup-temp-allocator-size-preload-manager=33554432"
    "memorysetup-temp-allocator-size-nav-mesh-worker=65536"
    "memorysetup-temp-allocator-size-audio-worker=65536"
    "memorysetup-temp-allocator-size-cloud-worker=32768"
    "memorysetup-temp-allocator-size-gi-baking-worker=262144"
    "memorysetup-temp-allocator-size-gfx=262144"
Refreshing native plugins compatible for Editor in 53.23 ms, found 2 plugins.
Preloading 0 native plugins for Editor in 0.00 ms.
Initialize engine version: 2021.2.3f1 (32358a8527b4)
[Subsystems] Discovering subsystems at path /Applications/Unity/Hub/Editor/2021.2.3f1/Unity.app/Contents/Resources/UnitySubsystems
[Subsystems] Discovering subsystems at path /Users/hwaming/Documents/OCBC Documents/FRANK/Metaverse/frank-metaverse/Assets
GfxDevice: creating device client; threaded=0; jobified=0
Color LCD preferred device: Intel(R) Iris(TM) Plus Graphics (low power)
Metal devices available: 1
0: Intel(R) Iris(TM) Plus Graphics (low power)
Using device Intel(R) Iris(TM) Plus Graphics (low power)
Initializing Metal device caps: Intel(R) Iris(TM) Plus Graphics
Initialize mono
Mono path[0] = '/Applications/Unity/Hub/Editor/2021.2.3f1/Unity.app/Contents/Managed'
Mono path[1] = '/Applications/Unity/Hub/Editor/2021.2.3f1/Unity.app/Contents/MonoBleedingEdge/lib/mono/unityjit-macos'
Mono config path = '/Applications/Unity/Hub/Editor/2021.2.3f1/Unity.app/Contents/MonoBleedingEdge/etc'
Using monoOptions --debugger-agent=transport=dt_socket,embedding=1,server=y,suspend=n,address=127.0.0.1:56766
Begin MonoManager ReloadAssembly
Registering precompiled unity dll's ...
Register platform support module: /Applications/Unity/Hub/Editor/2021.2.3f1/Unity.app/Contents/PlaybackEngines/MacStandaloneSupport/UnityEditor.OSXStandalone.Extensions.dll
Registered in 0.002438 seconds.
Native extension for OSXStandalone target not found
Refreshing native plugins compatible for Editor in 48.29 ms, found 2 plugins.
Preloading 0 native plugins for Editor in 0.00 ms.
Mono: successfully reloaded assembly
- Completed reload, in  0.743 seconds
Domain Reload Profiling:
	ReloadAssembly (744ms)
		BeginReloadAssembly (66ms)
			ExecutionOrderSort (0ms)
			DisableScriptedObjects (0ms)
			BackupInstance (0ms)
			ReleaseScriptingObjects (0ms)
			CreateAndSetChildDomain (1ms)
		EndReloadAssembly (567ms)
			LoadAssemblies (65ms)
			RebuildTransferFunctionScriptingTraits (0ms)
			SetupTypeCache (161ms)
			ReleaseScriptCaches (0ms)
			RebuildScriptCaches (39ms)
			SetupLoadedEditorAssemblies (300ms)
				LogAssemblyErrors (0ms)
				InitializePlatformSupportModulesInManaged (17ms)
				SetLoadedEditorAssemblies (0ms)
				RefreshPlugins (48ms)
				BeforeProcessingInitializeOnLoad (1ms)
				ProcessInitializeOnLoadAttributes (174ms)
				ProcessInitializeOnLoadMethodAttributes (59ms)
				AfterProcessingInitializeOnLoad (0ms)
				EditorAssembliesLoaded (0ms)
			ExecutionOrderSort2 (0ms)
			AwakeInstancesAfterBackupRestoration (0ms)
Platform modules already initialized, skipping
Registering precompiled user dll's ...
Registered in 0.003391 seconds.
Begin MonoManager ReloadAssembly
OnLevelWasLoaded was found on Fading
This message has been deprecated and will be removed in a later version of Unity.
Add a delegate to SceneManager.sceneLoaded instead to get notifications after scene loading has completed
Native extension for OSXStandalone target not found
Refreshing native plugins compatible for Editor in 0.62 ms, found 2 plugins.
Preloading 0 native plugins for Editor in 0.00 ms.
Package Manager log level set to [2]
Mono: successfully reloaded assembly
- Completed reload, in  1.507 seconds
Domain Reload Profiling:
	ReloadAssembly (1508ms)
		BeginReloadAssembly (227ms)
			ExecutionOrderSort (0ms)
			DisableScriptedObjects (7ms)
			BackupInstance (0ms)
			ReleaseScriptingObjects (0ms)
			CreateAndSetChildDomain (41ms)
		EndReloadAssembly (1134ms)
			LoadAssemblies (78ms)
			RebuildTransferFunctionScriptingTraits (0ms)
			SetupTypeCache (293ms)
			ReleaseScriptCaches (1ms)
			RebuildScriptCaches (63ms)
			SetupLoadedEditorAssemblies (560ms)
				LogAssemblyErrors (0ms)
				InitializePlatformSupportModulesInManaged (10ms)
				SetLoadedEditorAssemblies (1ms)
				RefreshPlugins (1ms)
				BeforeProcessingInitializeOnLoad (62ms)
				ProcessInitializeOnLoadAttributes (372ms)
				ProcessInitializeOnLoadMethodAttributes (112ms)
				AfterProcessingInitializeOnLoad (2ms)
				EditorAssembliesLoaded (0ms)
			ExecutionOrderSort2 (0ms)
			AwakeInstancesAfterBackupRestoration (5ms)
Platform modules already initialized, skipping
========================================================================
Worker process is ready to serve import requests
Launching external process: /Applications/Unity/Hub/Editor/2021.2.3f1/Unity.app/Contents/Tools/UnityShaderCompiler
Launched and connected shader compiler UnityShaderCompiler after 0.02 seconds
Refreshing native plugins compatible for Editor in 0.85 ms, found 2 plugins.
Preloading 0 native plugins for Editor in 0.00 ms.
Unloading 2180 Unused Serialized files (Serialized files now loaded: 0)
Unloading 58 unused Assets / (44.6 KB). Loaded Objects now: 2619.
Memory consumption went from 184.4 MB to 184.4 MB.
Total: 6.893176 ms (FindLiveObjects: 0.183654 ms CreateObjectMapping: 0.070760 ms MarkObjects: 6.500192 ms  DeleteObjects: 0.137270 ms)

AssetImportParameters requested are different than current active one (requested -> active):
  custom:video-decoder-ogg-theora: a1e56fd34408186e4bbccfd4996cb3dc -> 
  custom:container-muxer-webm: aa71ff27fc2769a1b78a27578f13a17b -> 
  custom:container-demuxer-webm: 4f35f7cbe854078d1ac9338744f61a02 -> 
  custom:video-encoder-webm-vp8: eb34c28f22e8b96e1ab97ce403110664 -> 
  custom:framework-osx-AVFoundation: e770b220cccbd017edd2c1fefb359320 -> 
  custom:audio-encoder-webm-vorbis: bf7c407c2cedff20999df2af8eb42d56 -> 
  custom:container-demuxer-ogg: 62fdf1f143b41e24485cea50d1cbac27 -> 
  custom:video-decoder-webm-vp8: 9c59270c3fd7afecdb556c50c9e8de78 -> 
  custom:audio-decoder-ogg-vorbis: bf7c407c2cedff20999df2af8eb42d56 -> 
========================================================================
Received Import Request.
  Time since last request: 14893.643958 seconds.
  path: Assets/Prefabs/Room/Booth/Stylized Office - Women/Mesh/Dahlia/Dahlia_Hairstyle4.fbx
  artifactKey: Guid(07796e14b99d94f4ebe2898f3b4f88dd) Importer(815301076,1909f56bfc062723c751e8b465ee728b)
Start importing Assets/Prefabs/Room/Booth/Stylized Office - Women/Mesh/Dahlia/Dahlia_Hairstyle4.fbx using Guid(07796e14b99d94f4ebe2898f3b4f88dd) Importer(815301076,1909f56bfc062723c751e8b465ee728b)  -> (artifact id: '5527a98e8bc1e1775806ef01f96e390d') in 1.772815 seconds 
========================================================================
Received Import Request.
  Time since last request: 0.000930 seconds.
  path: Assets/Prefabs/Room/Booth/Stylized Office - Women/Mesh/Props/CoffeeCup.fbx
  artifactKey: Guid(0456f86cfbacb9b409358396f828bffb) Importer(815301076,1909f56bfc062723c751e8b465ee728b)
Start importing Assets/Prefabs/Room/Booth/Stylized Office - Women/Mesh/Props/CoffeeCup.fbx using Guid(0456f86cfbacb9b409358396f828bffb) Importer(815301076,1909f56bfc062723c751e8b465ee728b)  -> (artifact id: 'dfb0eb8f49936b51aee4cd3d8ba0d757') in 0.023060 seconds 
========================================================================
Received Import Request.
  Time since last request: 0.000088 seconds.
  path: Assets/Prefabs/Room/Booth/Stylized Office - Women/Mesh/Abigail/Abigail_Hairstyle1.fbx
  artifactKey: Guid(0fcc5963d0242fb44a0be7e80f6a6b31) Importer(815301076,1909f56bfc062723c751e8b465ee728b)
Start importing Assets/Prefabs/Room/Booth/Stylized Office - Women/Mesh/Abigail/Abigail_Hairstyle1.fbx using Guid(0fcc5963d0242fb44a0be7e80f6a6b31) Importer(815301076,1909f56bfc062723c751e8b465ee728b)  -> (artifact id: 'e1b8a0a315910a4b104fab8ef0e77ea7') in 0.147653 seconds 
========================================================================
Received Import Request.
  Time since last request: 0.000103 seconds.
  path: Assets/Prefabs/Room/Booth/Stylized Office - Women/Mesh/Dahlia/Dahlia_Hairstyle5.fbx
  artifactKey: Guid(e5aa070c1ca38a7498417967c08f0cd9) Importer(815301076,1909f56bfc062723c751e8b465ee728b)
Start importing Assets/Prefabs/Room/Booth/Stylized Office - Women/Mesh/Dahlia/Dahlia_Hairstyle5.fbx using Guid(e5aa070c1ca38a7498417967c08f0cd9) Importer(815301076,1909f56bfc062723c751e8b465ee728b)  -> (artifact id: 'c2fa71640a2a62325ad4f359f833acc1') in 0.147271 seconds 
========================================================================
Received Import Request.
  Time since last request: 0.000075 seconds.
  path: Assets/Prefabs/Room/Booth/Stylized Office - Women/Mesh/Props/Pencil.fbx
  artifactKey: Guid(080f502dc5d479f429bfadf36a64fa08) Importer(815301076,1909f56bfc062723c751e8b465ee728b)
Start importing Assets/Prefabs/Room/Booth/Stylized Office - Women/Mesh/Props/Pencil.fbx using Guid(080f502dc5d479f429bfadf36a64fa08) Importer(815301076,1909f56bfc062723c751e8b465ee728b)  -> (artifact id: '28122fa4192a1ce0d4ddaf75a92b1a35') in 0.015312 seconds 
========================================================================
Received Import Request.
  Time since last request: 0.000115 seconds.
  path: Assets/Prefabs/Room/Booth/Stylized Office - Women/Mesh/Abigail/Abigail_Hairstyle4.fbx
  artifactKey: Guid(f05b8aaee6443f84e9f32914ffb86821) Importer(815301076,1909f56bfc062723c751e8b465ee728b)
Start importing Assets/Prefabs/Room/Booth/Stylized Office - Women/Mesh/Abigail/Abigail_Hairstyle4.fbx using Guid(f05b8aaee6443f84e9f32914ffb86821) Importer(815301076,1909f56bfc062723c751e8b465ee728b)  -> (artifact id: '130d6df6eb085d9f9555002f796cb5d3') in 0.142720 seconds 
========================================================================
Received Import Request.
  Time since last request: 0.000082 seconds.
  path: Assets/Prefabs/Room/Booth/Stylized Office - Women/Mesh/Props/Phone.fbx
  artifactKey: Guid(535931902b2ba964188dd1fdd5e6757a) Importer(815301076,1909f56bfc062723c751e8b465ee728b)
Start importing Assets/Prefabs/Room/Booth/Stylized Office - Women/Mesh/Props/Phone.fbx using Guid(535931902b2ba964188dd1fdd5e6757a) Importer(815301076,1909f56bfc062723c751e8b465ee728b)  -> (artifact id: '5449096980144114c8576290f3694e04') in 0.020733 seconds 
========================================================================
Received Import Request.
  Time since last request: 0.000086 seconds.
  path: Assets/Prefabs/Room/Booth/Stylized Office - Women/Mesh/Props/IDCard.fbx
  artifactKey: Guid(d7511a9ffa0ce3844825f864da319755) Importer(815301076,1909f56bfc062723c751e8b465ee728b)
Start importing Assets/Prefabs/Room/Booth/Stylized Office - Women/Mesh/Props/IDCard.fbx using Guid(d7511a9ffa0ce3844825f864da319755) Importer(815301076,1909f56bfc062723c751e8b465ee728b)  -> (artifact id: '0e50f4b663dc746ff4429f271d13a494') in 0.016909 seconds 
========================================================================
Received Import Request.
  Time since last request: 0.000096 seconds.
  path: Assets/Prefabs/Room/Booth/Stylized Office - Women/Mesh/Abigail/Abigail_Hairstyle2.fbx
  artifactKey: Guid(f9d5aa4706efd1a4aaef9a761fc63a08) Importer(815301076,1909f56bfc062723c751e8b465ee728b)
Start importing Assets/Prefabs/Room/Booth/Stylized Office - Women/Mesh/Abigail/Abigail_Hairstyle2.fbx using Guid(f9d5aa4706efd1a4aaef9a761fc63a08) Importer(815301076,1909f56bfc062723c751e8b465ee728b)  -> (artifact id: '8578ac690780e286ea8eccea25cbcc5c') in 0.147704 seconds 
========================================================================
Received Import Request.
  Time since last request: 0.000126 seconds.
  path: Assets/Prefabs/Room/Booth/Stylized Office - Women/Mesh/Scarlett/Scarlett_Hairstyle1.fbx
  artifactKey: Guid(02808bdec2147cf4eb892342522517d8) Importer(815301076,1909f56bfc062723c751e8b465ee728b)
Start importing Assets/Prefabs/Room/Booth/Stylized Office - Women/Mesh/Scarlett/Scarlett_Hairstyle1.fbx using Guid(02808bdec2147cf4eb892342522517d8) Importer(815301076,1909f56bfc062723c751e8b465ee728b)  -> (artifact id: 'ae59da366eb362275ed8444fc7264e6d') in 0.128456 seconds 
========================================================================
Received Import Request.
  Time since last request: 0.000102 seconds.
  path: Assets/Prefabs/Room/Booth/Stylized Office - Women/Mesh/Scarlett/Scarlett_Hairstyle5.fbx
  artifactKey: Guid(3f292d1b46667d1429b1f4f84029ec81) Importer(815301076,1909f56bfc062723c751e8b465ee728b)
Start importing Assets/Prefabs/Room/Booth/Stylized Office - Women/Mesh/Scarlett/Scarlett_Hairstyle5.fbx using Guid(3f292d1b46667d1429b1f4f84029ec81) Importer(815301076,1909f56bfc062723c751e8b465ee728b)  -> (artifact id: 'eaf5c5687144b07f3c4b73db372da296') in 0.128177 seconds 
========================================================================
Received Import Request.
  Time since last request: 3.926302 seconds.
  path: Assets/Prefabs/Room/Booth/Stylized Office - Women/Prefabs/DahliaPrefabs/Dahlia_Hairstyle5_Outfit2.prefab
  artifactKey: Guid(748f8279615a9c146afa7db1ceee0846) Importer(815301076,1909f56bfc062723c751e8b465ee728b)
Start importing Assets/Prefabs/Room/Booth/Stylized Office - Women/Prefabs/DahliaPrefabs/Dahlia_Hairstyle5_Outfit2.prefab using Guid(748f8279615a9c146afa7db1ceee0846) Importer(815301076,1909f56bfc062723c751e8b465ee728b)  -> (artifact id: '58d22d1f2aaf6bc38f5efe10f6d87043') in 0.802460 seconds 
========================================================================
Received Import Request.
  Time since last request: 0.000114 seconds.
  path: Assets/Prefabs/Room/Booth/Stylized Office - Women/Prefabs/DahliaPrefabs/Dahlia_Hairstyle5_Outfit4.prefab
  artifactKey: Guid(bcdfbc981c1476240b6959ff1d13ebce) Importer(815301076,1909f56bfc062723c751e8b465ee728b)
Start importing Assets/Prefabs/Room/Booth/Stylized Office - Women/Prefabs/DahliaPrefabs/Dahlia_Hairstyle5_Outfit4.prefab using Guid(bcdfbc981c1476240b6959ff1d13ebce) Importer(815301076,1909f56bfc062723c751e8b465ee728b)  -> (artifact id: '8ff4f0ed6f76b4b105ab5ff2d1279bb1') in 0.123447 seconds 
========================================================================
Received Import Request.
  Time since last request: 0.000083 seconds.
  path: Assets/Prefabs/Room/Booth/Stylized Office - Women/Prefabs/Props/Pencil.prefab
  artifactKey: Guid(1dd986d9ac7a0b241bfafd14f625dd4b) Importer(815301076,1909f56bfc062723c751e8b465ee728b)
Start importing Assets/Prefabs/Room/Booth/Stylized Office - Women/Prefabs/Props/Pencil.prefab using Guid(1dd986d9ac7a0b241bfafd14f625dd4b) Importer(815301076,1909f56bfc062723c751e8b465ee728b)  -> (artifact id: '5806d77292543272b604b9d6a4b99ad8') in 0.282016 seconds 
========================================================================
Received Import Request.
  Time since last request: 0.000095 seconds.
  path: Assets/Prefabs/Room/Booth/Stylized Office - Women/Scene/SceneAssets/MainBackDrop.prefab
  artifactKey: Guid(5856e5dcd428a9a4b8f1d3ad63421f0c) Importer(815301076,1909f56bfc062723c751e8b465ee728b)
Start importing Assets/Prefabs/Room/Booth/Stylized Office - Women/Scene/SceneAssets/MainBackDrop.prefab using Guid(5856e5dcd428a9a4b8f1d3ad63421f0c) Importer(815301076,1909f56bfc062723c751e8b465ee728b)  -> (artifact id: '276c49ad7f1ca0855fc112525d9147b1') in 0.098298 seconds 
========================================================================
Received Import Request.
  Time since last request: 0.000183 seconds.
  path: Assets/Prefabs/Room/Booth/Stylized Office - Women/Prefabs/ScarlettPrefabs/Scarlett_Hairstyle1_Outfit1.prefab
  artifactKey: Guid(4eba6b3df8bb30a4f940494c04e6ca07) Importer(815301076,1909f56bfc062723c751e8b465ee728b)
Start importing Assets/Prefabs/Room/Booth/Stylized Office - Women/Prefabs/ScarlettPrefabs/Scarlett_Hairstyle1_Outfit1.prefab using Guid(4eba6b3df8bb30a4f940494c04e6ca07) Importer(815301076,1909f56bfc062723c751e8b465ee728b)  -> (artifact id: 'f57a81f2ed4a683df18ba0e5b1def5cf') in 0.228908 seconds 
========================================================================
Received Import Request.
  Time since last request: 0.000112 seconds.
  path: Assets/Prefabs/Room/Booth/Stylized Office - Women/Prefabs/DahliaPrefabs/Dahlia_Hairstyle5_Outfit6.prefab
  artifactKey: Guid(639191f6fb57cdc41b702f53d55754fb) Importer(815301076,1909f56bfc062723c751e8b465ee728b)
Start importing Assets/Prefabs/Room/Booth/Stylized Office - Women/Prefabs/DahliaPrefabs/Dahlia_Hairstyle5_Outfit6.prefab using Guid(639191f6fb57cdc41b702f53d55754fb) Importer(815301076,1909f56bfc062723c751e8b465ee728b)  -> (artifact id: '616cbbecf202cb5ab079e27b3bd47ec9') in 0.137244 seconds 
========================================================================
Received Import Request.
  Time since last request: 0.000080 seconds.
  path: Assets/Prefabs/Room/Booth/Stylized Office - Women/Prefabs/DahliaPrefabs/Dahlia_Hairstyle4_Outfit5.prefab
  artifactKey: Guid(08622f2e4577b624f94df17eeb8ddda2) Importer(815301076,1909f56bfc062723c751e8b465ee728b)
Start importing Assets/Prefabs/Room/Booth/Stylized Office - Women/Prefabs/DahliaPrefabs/Dahlia_Hairstyle4_Outfit5.prefab using Guid(08622f2e4577b624f94df17eeb8ddda2) Importer(815301076,1909f56bfc062723c751e8b465ee728b)  -> (artifact id: 'd7dc5af05ca0a0506700a4ef35cbfccf') in 0.680658 seconds 
========================================================================
Received Import Request.
  Time since last request: 0.000086 seconds.
  path: Assets/Prefabs/Room/Booth/Stylized Office - Women/Prefabs/DahliaPrefabs/Dahlia_Hairstyle2_Outfit2.prefab
  artifactKey: Guid(031763e453beb54488e190b0d0061bf3) Importer(815301076,1909f56bfc062723c751e8b465ee728b)
Start importing Assets/Prefabs/Room/Booth/Stylized Office - Women/Prefabs/DahliaPrefabs/Dahlia_Hairstyle2_Outfit2.prefab using Guid(031763e453beb54488e190b0d0061bf3) Importer(815301076,1909f56bfc062723c751e8b465ee728b)  -> (artifact id: '49b64c688acbd878bd1541489133233c') in 0.179377 seconds 
========================================================================
Received Import Request.
  Time since last request: 0.000095 seconds.
  path: Assets/Prefabs/Room/Booth/Stylized Office - Women/Prefabs/DahliaPrefabs/Dahlia_Hairstyle2_Outfit5.prefab
  artifactKey: Guid(f6de71ae4d6474943a396cb1f0cf6900) Importer(815301076,1909f56bfc062723c751e8b465ee728b)
Start importing Assets/Prefabs/Room/Booth/Stylized Office - Women/Prefabs/DahliaPrefabs/Dahlia_Hairstyle2_Outfit5.prefab using Guid(f6de71ae4d6474943a396cb1f0cf6900) Importer(815301076,1909f56bfc062723c751e8b465ee728b)  -> (artifact id: 'b87037a476efe7739f84552954e3b1a3') in 0.146873 seconds 
========================================================================
Received Import Request.
  Time since last request: 0.000098 seconds.
  path: Assets/Prefabs/Room/Booth/Stylized Office - Women/Prefabs/DahliaPrefabs/Dahlia_Hairstyle3_Outfit6.prefab
  artifactKey: Guid(53e12ff9113b0e34fac76cff3a48b26c) Importer(815301076,1909f56bfc062723c751e8b465ee728b)
Start importing Assets/Prefabs/Room/Booth/Stylized Office - Women/Prefabs/DahliaPrefabs/Dahlia_Hairstyle3_Outfit6.prefab using Guid(53e12ff9113b0e34fac76cff3a48b26c) Importer(815301076,1909f56bfc062723c751e8b465ee728b)  -> (artifact id: '95f0ecdb65496769771302895dcad475') in 0.112377 seconds 
========================================================================
Received Import Request.
  Time since last request: 0.000114 seconds.
  path: Assets/Prefabs/Room/Booth/Stylized Office - Women/Prefabs/DahliaPrefabs/Dahlia_Hairstyle3_Outfit3.prefab
  artifactKey: Guid(67ed7a9300ecba94ba51cf4d31773636) Importer(815301076,1909f56bfc062723c751e8b465ee728b)
Start importing Assets/Prefabs/Room/Booth/Stylized Office - Women/Prefabs/DahliaPrefabs/Dahlia_Hairstyle3_Outfit3.prefab using Guid(67ed7a9300ecba94ba51cf4d31773636) Importer(815301076,1909f56bfc062723c751e8b465ee728b)  -> (artifact id: '13908572e21732e5ac6a4531321b8b7a') in 0.134652 seconds 
========================================================================
Received Import Request.
  Time since last request: 0.000127 seconds.
  path: Assets/Prefabs/Room/Booth/Stylized Office - Women/Prefabs/DahliaPrefabs/Dahlia_Hairstyle4_Outfit3.prefab
  artifactKey: Guid(d17d9d1a89cbc954e96e616f45c242ba) Importer(815301076,1909f56bfc062723c751e8b465ee728b)
Start importing Assets/Prefabs/Room/Booth/Stylized Office - Women/Prefabs/DahliaPrefabs/Dahlia_Hairstyle4_Outfit3.prefab using Guid(d17d9d1a89cbc954e96e616f45c242ba) Importer(815301076,1909f56bfc062723c751e8b465ee728b)  -> (artifact id: 'a1e495bf75a494708b0bc20129b987b5') in 0.138304 seconds 
========================================================================
Received Import Request.
  Time since last request: 0.000074 seconds.
  path: Assets/Prefabs/Room/Booth/Stylized Office - Women/Prefabs/DahliaPrefabs/Dahlia_Hairstyle3_Outfit4.prefab
  artifactKey: Guid(5a962196951cc1146ab9174f168aa383) Importer(815301076,1909f56bfc062723c751e8b465ee728b)
Start importing Assets/Prefabs/Room/Booth/Stylized Office - Women/Prefabs/DahliaPrefabs/Dahlia_Hairstyle3_Outfit4.prefab using Guid(5a962196951cc1146ab9174f168aa383) Importer(815301076,1909f56bfc062723c751e8b465ee728b)  -> (artifact id: 'c886bb15389e85bbe5b1f86930790b9b') in 0.141109 seconds 
========================================================================
Received Import Request.
  Time since last request: 0.000135 seconds.
  path: Assets/Prefabs/Room/Booth/Stylized Office - Women/Prefabs/ScarlettPrefabs/Scarlett_Hairstyle1_Outfit3.prefab
  artifactKey: Guid(037d9c4ace3f6864ebd4c95cc3161fdd) Importer(815301076,1909f56bfc062723c751e8b465ee728b)
Start importing Assets/Prefabs/Room/Booth/Stylized Office - Women/Prefabs/ScarlettPrefabs/Scarlett_Hairstyle1_Outfit3.prefab using Guid(037d9c4ace3f6864ebd4c95cc3161fdd) Importer(815301076,1909f56bfc062723c751e8b465ee728b)  -> (artifact id: '7a3488d8e556a477628493994144f17c') in 0.139335 seconds 
========================================================================
Received Import Request.
  Time since last request: 0.000101 seconds.
  path: Assets/Prefabs/Room/Booth/Stylized Office - Women/Prefabs/DahliaPrefabs/Dahlia_Hairstyle2_Outfit6.prefab
  artifactKey: Guid(84d5147bd3447474c9ad56adb1f801f9) Importer(815301076,1909f56bfc062723c751e8b465ee728b)
Start importing Assets/Prefabs/Room/Booth/Stylized Office - Women/Prefabs/DahliaPrefabs/Dahlia_Hairstyle2_Outfit6.prefab using Guid(84d5147bd3447474c9ad56adb1f801f9) Importer(815301076,1909f56bfc062723c751e8b465ee728b)  -> (artifact id: 'e910fd0240ee44f2a1316d7de3848485') in 0.147467 seconds 
========================================================================
Received Import Request.
  Time since last request: 0.000117 seconds.
  path: Assets/Prefabs/Room/Booth/Stylized Office - Women/Prefabs/DahliaPrefabs/Dahlia_Hairstyle3_Outfit5.prefab
  artifactKey: Guid(9b21fd5498fbb8944b1d4b64e3b46abe) Importer(815301076,1909f56bfc062723c751e8b465ee728b)
Start importing Assets/Prefabs/Room/Booth/Stylized Office - Women/Prefabs/DahliaPrefabs/Dahlia_Hairstyle3_Outfit5.prefab using Guid(9b21fd5498fbb8944b1d4b64e3b46abe) Importer(815301076,1909f56bfc062723c751e8b465ee728b)  -> (artifact id: 'fdf8bcf9086df72b9b8ebe7a9d2d941b') in 0.126026 seconds 
========================================================================
Received Import Request.
  Time since last request: 1.506850 seconds.
  path: Assets/Prefabs/Room/Booth/Stylized Office - Women/Prefabs/ScarlettPrefabs/Scarlett_Hairstyle1_Outfit5.prefab
  artifactKey: Guid(63fdd3fa5e7ac2d41b963f5ba67fa5b5) Importer(815301076,1909f56bfc062723c751e8b465ee728b)
Start importing Assets/Prefabs/Room/Booth/Stylized Office - Women/Prefabs/ScarlettPrefabs/Scarlett_Hairstyle1_Outfit5.prefab using Guid(63fdd3fa5e7ac2d41b963f5ba67fa5b5) Importer(815301076,1909f56bfc062723c751e8b465ee728b)  -> (artifact id: '47e5b0d143da8446cce590e87362e5ad') in 0.165126 seconds 
========================================================================
Received Import Request.
  Time since last request: 0.000121 seconds.
  path: Assets/Prefabs/Room/Booth/Stylized Office - Women/Prefabs/ScarlettPrefabs/Scarlett_Hairstyle2_Outfit4.prefab
  artifactKey: Guid(d8597aa9cb6b20a47910f782524d795d) Importer(815301076,1909f56bfc062723c751e8b465ee728b)
Start importing Assets/Prefabs/Room/Booth/Stylized Office - Women/Prefabs/ScarlettPrefabs/Scarlett_Hairstyle2_Outfit4.prefab using Guid(d8597aa9cb6b20a47910f782524d795d) Importer(815301076,1909f56bfc062723c751e8b465ee728b)  -> (artifact id: '1e8b934a0af75792bd5f8c615356803a') in 0.142382 seconds 
========================================================================
Received Import Request.
  Time since last request: 0.000107 seconds.
  path: Assets/Prefabs/Room/Booth/Stylized Office - Women/Prefabs/ScarlettPrefabs/Scarlett_Hairstyle3_Outfit1.prefab
  artifactKey: Guid(64ed25ca94873944da407442b9ff2610) Importer(815301076,1909f56bfc062723c751e8b465ee728b)
Start importing Assets/Prefabs/Room/Booth/Stylized Office - Women/Prefabs/ScarlettPrefabs/Scarlett_Hairstyle3_Outfit1.prefab using Guid(64ed25ca94873944da407442b9ff2610) Importer(815301076,1909f56bfc062723c751e8b465ee728b)  -> (artifact id: 'ab23184ebfe9ea6d25d0daf6d94d1024') in 0.134978 seconds 
========================================================================
Received Import Request.
  Time since last request: 0.000161 seconds.
  path: Assets/Prefabs/Room/Booth/Stylized Office - Women/Prefabs/ScarlettPrefabs/Scarlett_Hairstyle2_Outfit6.prefab
  artifactKey: Guid(d58ea84703986cc4e8f2e9d4e2a29705) Importer(815301076,1909f56bfc062723c751e8b465ee728b)
Start importing Assets/Prefabs/Room/Booth/Stylized Office - Women/Prefabs/ScarlettPrefabs/Scarlett_Hairstyle2_Outfit6.prefab using Guid(d58ea84703986cc4e8f2e9d4e2a29705) Importer(815301076,1909f56bfc062723c751e8b465ee728b)  -> (artifact id: '62b62992bd676df8fc5a4cb95d750590') in 0.144171 seconds 
========================================================================
Received Import Request.
  Time since last request: 0.107234 seconds.
  path: Assets/Prefabs/Room/Booth/Stylized Office - Women/Prefabs/ScarlettPrefabs/Scarlett_Hairstyle3_Outfit2.prefab
  artifactKey: Guid(47aa1adf0f16f8f49a87ebd1ad55b57a) Importer(815301076,1909f56bfc062723c751e8b465ee728b)
Start importing Assets/Prefabs/Room/Booth/Stylized Office - Women/Prefabs/ScarlettPrefabs/Scarlett_Hairstyle3_Outfit2.prefab using Guid(47aa1adf0f16f8f49a87ebd1ad55b57a) Importer(815301076,1909f56bfc062723c751e8b465ee728b)  -> (artifact id: '755e1c8ab06070646a96ea4c4ddb2d34') in 0.160276 seconds 
========================================================================
Received Import Request.
  Time since last request: 0.000259 seconds.
  path: Assets/Prefabs/Room/Booth/Stylized Office - Women/Prefabs/ScarlettPrefabs/Scarlett_Hairstyle4_Outfit1.prefab
  artifactKey: Guid(c2be7cbe38fa2b644bb11294e588836f) Importer(815301076,1909f56bfc062723c751e8b465ee728b)
Start importing Assets/Prefabs/Room/Booth/Stylized Office - Women/Prefabs/ScarlettPrefabs/Scarlett_Hairstyle4_Outfit1.prefab using Guid(c2be7cbe38fa2b644bb11294e588836f) Importer(815301076,1909f56bfc062723c751e8b465ee728b)  -> (artifact id: '57460f3a042550471f56cf25a7497493') in 0.146148 seconds 
========================================================================
Received Import Request.
  Time since last request: 0.000116 seconds.
  path: Assets/Prefabs/Room/Booth/Stylized Office - Women/Prefabs/ScarlettPrefabs/Scarlett_Hairstyle3_Outfit6.prefab
  artifactKey: Guid(46426079cc31f3941a1e9009dbbde507) Importer(815301076,1909f56bfc062723c751e8b465ee728b)
Start importing Assets/Prefabs/Room/Booth/Stylized Office - Women/Prefabs/ScarlettPrefabs/Scarlett_Hairstyle3_Outfit6.prefab using Guid(46426079cc31f3941a1e9009dbbde507) Importer(815301076,1909f56bfc062723c751e8b465ee728b)  -> (artifact id: 'ff2a5a3ee870763a15857abaf489aafe') in 0.121148 seconds 
========================================================================
Received Import Request.
  Time since last request: 0.000132 seconds.
  path: Assets/Prefabs/Room/Booth/Stylized Office - Women/Prefabs/ScarlettPrefabs/Scarlett_Hairstyle3_Outfit5.prefab
  artifactKey: Guid(6d5486b6fe8b37b4c81e52309fb030ce) Importer(815301076,1909f56bfc062723c751e8b465ee728b)
Start importing Assets/Prefabs/Room/Booth/Stylized Office - Women/Prefabs/ScarlettPrefabs/Scarlett_Hairstyle3_Outfit5.prefab using Guid(6d5486b6fe8b37b4c81e52309fb030ce) Importer(815301076,1909f56bfc062723c751e8b465ee728b)  -> (artifact id: '8e6d9052a0ed3d683b4e44d538be9655') in 0.141460 seconds 
========================================================================
Received Import Request.
  Time since last request: 0.884980 seconds.
  path: Assets/Prefabs/Room/Booth/Stylized Office - Women/Prefabs/ScarlettPrefabs/Scarlett_Hairstyle4_Outfit5.prefab
  artifactKey: Guid(a58335b84bdc5f14e984fc6b9f364e5f) Importer(815301076,1909f56bfc062723c751e8b465ee728b)
Start importing Assets/Prefabs/Room/Booth/Stylized Office - Women/Prefabs/ScarlettPrefabs/Scarlett_Hairstyle4_Outfit5.prefab using Guid(a58335b84bdc5f14e984fc6b9f364e5f) Importer(815301076,1909f56bfc062723c751e8b465ee728b)  -> (artifact id: '4487d33d67d994ff5b50862e003c2e57') in 0.161642 seconds 
========================================================================
Received Import Request.
  Time since last request: 0.000112 seconds.
  path: Assets/Prefabs/Room/Booth/Stylized Office - Women/Prefabs/ScarlettPrefabs/Scarlett_Hairstyle5_Outfit2.prefab
  artifactKey: Guid(805ea5795cf662a419f44513ffccae40) Importer(815301076,1909f56bfc062723c751e8b465ee728b)
Start importing Assets/Prefabs/Room/Booth/Stylized Office - Women/Prefabs/ScarlettPrefabs/Scarlett_Hairstyle5_Outfit2.prefab using Guid(805ea5795cf662a419f44513ffccae40) Importer(815301076,1909f56bfc062723c751e8b465ee728b)  -> (artifact id: 'c3b394dfe1a80e94ad15e1758d40e147') in 0.155030 seconds 
========================================================================
Received Import Request.
  Time since last request: 0.000174 seconds.
  path: Assets/Prefabs/Room/Booth/Stylized Office - Women/Prefabs/ScarlettPrefabs/Scarlett_Hairstyle5_Outfit3.prefab
  artifactKey: Guid(603bf5f46a04e35439256be991d196c3) Importer(815301076,1909f56bfc062723c751e8b465ee728b)
Start importing Assets/Prefabs/Room/Booth/Stylized Office - Women/Prefabs/ScarlettPrefabs/Scarlett_Hairstyle5_Outfit3.prefab using Guid(603bf5f46a04e35439256be991d196c3) Importer(815301076,1909f56bfc062723c751e8b465ee728b)  -> (artifact id: '86568e7962b1b779b17f615ec14e0ba3') in 0.119453 seconds 
========================================================================
Received Import Request.
  Time since last request: 0.000119 seconds.
  path: Assets/Prefabs/Room/Booth/Stylized Office - Women/Prefabs/Props/Tablet.prefab
  artifactKey: Guid(5f8b6cab48a2f824aa5d219bf7b46bec) Importer(815301076,1909f56bfc062723c751e8b465ee728b)
Start importing Assets/Prefabs/Room/Booth/Stylized Office - Women/Prefabs/Props/Tablet.prefab using Guid(5f8b6cab48a2f824aa5d219bf7b46bec) Importer(815301076,1909f56bfc062723c751e8b465ee728b)  -> (artifact id: '0763bc1b79affc241d1bdbc3c68214fd') in 0.185005 seconds 
========================================================================
Received Import Request.
  Time since last request: 4.051393 seconds.
  path: Assets/Prefabs/Room/Booth/Stylized Office - Women/Prefabs/Props/Clipboard.prefab
  artifactKey: Guid(584fb5e93c03fd34c9fde6ad474b1b19) Importer(815301076,1909f56bfc062723c751e8b465ee728b)
Start importing Assets/Prefabs/Room/Booth/Stylized Office - Women/Prefabs/Props/Clipboard.prefab using Guid(584fb5e93c03fd34c9fde6ad474b1b19) Importer(815301076,1909f56bfc062723c751e8b465ee728b)  -> (artifact id: '6abf38e73a77e6557bbcb4267af650f7') in 0.020800 seconds 
========================================================================
Received Import Request.
  Time since last request: 0.000064 seconds.
  path: Assets/Prefabs/Room/Booth/Stylized Office - Women/Prefabs/DahliaPrefabs/Dahlia_Hairstyle1_Outfit3.prefab
  artifactKey: Guid(ff0d3189adc4ebc48944b6fbacac79f4) Importer(815301076,1909f56bfc062723c751e8b465ee728b)
Start importing Assets/Prefabs/Room/Booth/Stylized Office - Women/Prefabs/DahliaPrefabs/Dahlia_Hairstyle1_Outfit3.prefab using Guid(ff0d3189adc4ebc48944b6fbacac79f4) Importer(815301076,1909f56bfc062723c751e8b465ee728b)  -> (artifact id: 'f888e6ec895d8cc0172a0e6e44f74f88') in 0.130928 seconds 
========================================================================
Received Import Request.
  Time since last request: 0.000108 seconds.
  path: Assets/Prefabs/Room/Booth/Stylized Office - Women/Prefabs/DahliaPrefabs/Dahlia_Hairstyle2_Outfit1.prefab
  artifactKey: Guid(3088d44c599f5dc49bf96df3cfbf074b) Importer(815301076,1909f56bfc062723c751e8b465ee728b)
Start importing Assets/Prefabs/Room/Booth/Stylized Office - Women/Prefabs/DahliaPrefabs/Dahlia_Hairstyle2_Outfit1.prefab using Guid(3088d44c599f5dc49bf96df3cfbf074b) Importer(815301076,1909f56bfc062723c751e8b465ee728b)  -> (artifact id: '3caa5a0dc8dbd583d31615d6f2c39de5') in 0.165448 seconds 
========================================================================
Received Import Request.
  Time since last request: 0.000115 seconds.
  path: Assets/Prefabs/Room/Booth/Stylized Office - Women/Prefabs/DahliaPrefabs/Dahlia_Hairstyle1_Outfit5.prefab
  artifactKey: Guid(3dd1527321163ae4084555e1d62e58d1) Importer(815301076,1909f56bfc062723c751e8b465ee728b)
Start importing Assets/Prefabs/Room/Booth/Stylized Office - Women/Prefabs/DahliaPrefabs/Dahlia_Hairstyle1_Outfit5.prefab using Guid(3dd1527321163ae4084555e1d62e58d1) Importer(815301076,1909f56bfc062723c751e8b465ee728b)  -> (artifact id: 'e25f9a7af4a52cf0f32d3b5b969d0b4a') in 0.161271 seconds 
========================================================================
Received Import Request.
  Time since last request: 0.000132 seconds.
  path: Assets/Prefabs/Room/Booth/Stylized Office - Women/Prefabs/DahliaPrefabs/Dahlia_Hairstyle1_Outfit2.prefab
  artifactKey: Guid(578cfda112fd2e74aa5df9a2fae6306b) Importer(815301076,1909f56bfc062723c751e8b465ee728b)
Start importing Assets/Prefabs/Room/Booth/Stylized Office - Women/Prefabs/DahliaPrefabs/Dahlia_Hairstyle1_Outfit2.prefab using Guid(578cfda112fd2e74aa5df9a2fae6306b) Importer(815301076,1909f56bfc062723c751e8b465ee728b)  -> (artifact id: '86a56f2bbf13166d6cda9946eee3c0da') in 0.139215 seconds 
========================================================================
Received Import Request.
  Time since last request: 0.025456 seconds.
  path: Assets/Prefabs/Room/Booth/Stylized Office - Women/Prefabs/AbigailPrefabs/Abigail_Hairstyle5_Outfit4.prefab
  artifactKey: Guid(25c0d38ae212d4b40931e1139867465a) Importer(815301076,1909f56bfc062723c751e8b465ee728b)
Start importing Assets/Prefabs/Room/Booth/Stylized Office - Women/Prefabs/AbigailPrefabs/Abigail_Hairstyle5_Outfit4.prefab using Guid(25c0d38ae212d4b40931e1139867465a) Importer(815301076,1909f56bfc062723c751e8b465ee728b)  -> (artifact id: 'b7fc9b34724d68fba68d77d027b736f5') in 0.138558 seconds 
========================================================================
Received Import Request.
  Time since last request: 0.000106 seconds.
  path: Assets/Prefabs/Room/Booth/Stylized Office - Women/Prefabs/AbigailPrefabs/Abigail_Hairstyle5_Outfit6.prefab
  artifactKey: Guid(2cc783abc94d5df48a623737a6db45cc) Importer(815301076,1909f56bfc062723c751e8b465ee728b)
Start importing Assets/Prefabs/Room/Booth/Stylized Office - Women/Prefabs/AbigailPrefabs/Abigail_Hairstyle5_Outfit6.prefab using Guid(2cc783abc94d5df48a623737a6db45cc) Importer(815301076,1909f56bfc062723c751e8b465ee728b)  -> (artifact id: '2493bc8ae927b31b7fe85f3bbd5e53e2') in 0.111412 seconds 
========================================================================
Received Import Request.
  Time since last request: 0.254087 seconds.
  path: Assets/Prefabs/Room/Booth/Stylized Office - Women/Prefabs/AbigailPrefabs/Abigail_Hairstyle4_Outfit1.prefab
  artifactKey: Guid(f59c21d6a410c9345a4bfd09a2e6ed58) Importer(815301076,1909f56bfc062723c751e8b465ee728b)
Start importing Assets/Prefabs/Room/Booth/Stylized Office - Women/Prefabs/AbigailPrefabs/Abigail_Hairstyle4_Outfit1.prefab using Guid(f59c21d6a410c9345a4bfd09a2e6ed58) Importer(815301076,1909f56bfc062723c751e8b465ee728b)  -> (artifact id: 'c094e2ec2d989be93d6ec406ca63fd4d') in 0.152492 seconds 
========================================================================
Received Import Request.
  Time since last request: 0.000123 seconds.
  path: Assets/Prefabs/Room/Booth/Stylized Office - Women/Prefabs/AbigailPrefabs/Abigail_Hairstyle5_Outfit2.prefab
  artifactKey: Guid(1f5d9285ca3967246ba1eb0131be8034) Importer(815301076,1909f56bfc062723c751e8b465ee728b)
Start importing Assets/Prefabs/Room/Booth/Stylized Office - Women/Prefabs/AbigailPrefabs/Abigail_Hairstyle5_Outfit2.prefab using Guid(1f5d9285ca3967246ba1eb0131be8034) Importer(815301076,1909f56bfc062723c751e8b465ee728b)  -> (artifact id: '6aae36abbfbc5169a378e8e36ad855c0') in 0.160958 seconds 
========================================================================
Received Import Request.
  Time since last request: 0.000077 seconds.
  path: Assets/Prefabs/Room/Booth/Stylized Office - Women/Prefabs/AbigailPrefabs/Abigail_Hairstyle4_Outfit5.prefab
  artifactKey: Guid(2cd2032d9ca72114da88e7320ca01ec5) Importer(815301076,1909f56bfc062723c751e8b465ee728b)
Start importing Assets/Prefabs/Room/Booth/Stylized Office - Women/Prefabs/AbigailPrefabs/Abigail_Hairstyle4_Outfit5.prefab using Guid(2cd2032d9ca72114da88e7320ca01ec5) Importer(815301076,1909f56bfc062723c751e8b465ee728b)  -> (artifact id: '8428e737999b1fd9ba4cde3910826755') in 0.157265 seconds 
========================================================================
Received Import Request.
  Time since last request: 0.000154 seconds.
  path: Assets/Prefabs/Room/Booth/Stylized Office - Women/Prefabs/AbigailPrefabs/Abigail_Hairstyle4_Outfit3.prefab
  artifactKey: Guid(67f00ac075d4c6044adf845bd93e88eb) Importer(815301076,1909f56bfc062723c751e8b465ee728b)
Start importing Assets/Prefabs/Room/Booth/Stylized Office - Women/Prefabs/AbigailPrefabs/Abigail_Hairstyle4_Outfit3.prefab using Guid(67f00ac075d4c6044adf845bd93e88eb) Importer(815301076,1909f56bfc062723c751e8b465ee728b)  -> (artifact id: '8de86e90920e59c6ed2aa2d25474d0f8') in 0.138275 seconds 
========================================================================
Received Import Request.
  Time since last request: 0.981470 seconds.
  path: Assets/Prefabs/Room/Booth/Stylized Office - Women/Prefabs/AbigailPrefabs/Abigail_Hairstyle2_Outfit4.prefab
  artifactKey: Guid(66b990834b4f68d4fb196109c0f08aa0) Importer(815301076,1909f56bfc062723c751e8b465ee728b)
Start importing Assets/Prefabs/Room/Booth/Stylized Office - Women/Prefabs/AbigailPrefabs/Abigail_Hairstyle2_Outfit4.prefab using Guid(66b990834b4f68d4fb196109c0f08aa0) Importer(815301076,1909f56bfc062723c751e8b465ee728b)  -> (artifact id: 'caaaf7a8317ab8b65a17a6980a29831e') in 0.124624 seconds 
========================================================================
Received Import Request.
  Time since last request: 0.000227 seconds.
  path: Assets/Prefabs/Room/Booth/Stylized Office - Women/Prefabs/AbigailPrefabs/Abigail_Hairstyle3_Outfit5.prefab
  artifactKey: Guid(dc3414fd97d127e40829c15571b48cfb) Importer(815301076,1909f56bfc062723c751e8b465ee728b)
Start importing Assets/Prefabs/Room/Booth/Stylized Office - Women/Prefabs/AbigailPrefabs/Abigail_Hairstyle3_Outfit5.prefab using Guid(dc3414fd97d127e40829c15571b48cfb) Importer(815301076,1909f56bfc062723c751e8b465ee728b)  -> (artifact id: 'd72f429662d19213926758c146e6f547') in 0.159647 seconds 
========================================================================
Received Import Request.
  Time since last request: 0.000094 seconds.
  path: Assets/Prefabs/Room/Booth/Stylized Office - Women/Prefabs/AbigailPrefabs/Abigail_Hairstyle3_Outfit3.prefab
  artifactKey: Guid(2655e5a5617d12c45b1d2c933298ac71) Importer(815301076,1909f56bfc062723c751e8b465ee728b)
Start importing Assets/Prefabs/Room/Booth/Stylized Office - Women/Prefabs/AbigailPrefabs/Abigail_Hairstyle3_Outfit3.prefab using Guid(2655e5a5617d12c45b1d2c933298ac71) Importer(815301076,1909f56bfc062723c751e8b465ee728b)  -> (artifact id: '1981b524fb0597cda0c4b68d38e285ab') in 0.116409 seconds 
========================================================================
Received Import Request.
  Time since last request: 0.000110 seconds.
  path: Assets/Prefabs/Room/Booth/Stylized Office - Women/Prefabs/AbigailPrefabs/Abigail_Hairstyle3_Outfit6.prefab
  artifactKey: Guid(b2d11917deeced14f9f9e3c1b4ef72b9) Importer(815301076,1909f56bfc062723c751e8b465ee728b)
Start importing Assets/Prefabs/Room/Booth/Stylized Office - Women/Prefabs/AbigailPrefabs/Abigail_Hairstyle3_Outfit6.prefab using Guid(b2d11917deeced14f9f9e3c1b4ef72b9) Importer(815301076,1909f56bfc062723c751e8b465ee728b)  -> (artifact id: 'b42968bc8d246d3dd3979f610340c839') in 0.136350 seconds 
========================================================================
Received Import Request.
  Time since last request: 0.000071 seconds.
  path: Assets/Prefabs/Room/Booth/Stylized Office - Women/Prefabs/AbigailPrefabs/Abigail_Hairstyle1_Outfit1.prefab
  artifactKey: Guid(9585bb9f275f3ff4f95c5452ecb2bfe5) Importer(815301076,1909f56bfc062723c751e8b465ee728b)
Start importing Assets/Prefabs/Room/Booth/Stylized Office - Women/Prefabs/AbigailPrefabs/Abigail_Hairstyle1_Outfit1.prefab using Guid(9585bb9f275f3ff4f95c5452ecb2bfe5) Importer(815301076,1909f56bfc062723c751e8b465ee728b)  -> (artifact id: '50cbad01356fda0d595774c7cf452af7') in 0.395502 seconds 
========================================================================
Received Import Request.
  Time since last request: 0.000121 seconds.
  path: Assets/Prefabs/Room/Booth/Stylized Office - Women/Prefabs/AbigailPrefabs/Abigail_Hairstyle2_Outfit2.prefab
  artifactKey: Guid(d0586b39b24d9f642b1702f252c7116b) Importer(815301076,1909f56bfc062723c751e8b465ee728b)
Start importing Assets/Prefabs/Room/Booth/Stylized Office - Women/Prefabs/AbigailPrefabs/Abigail_Hairstyle2_Outfit2.prefab using Guid(d0586b39b24d9f642b1702f252c7116b) Importer(815301076,1909f56bfc062723c751e8b465ee728b)  -> (artifact id: 'c7fd5551bfc0197b7c9b0afb5002e232') in 0.170839 seconds 
========================================================================
Received Import Request.
  Time since last request: 0.000133 seconds.
  path: Assets/Prefabs/Room/Booth/Stylized Office - Women/Prefabs/AbigailPrefabs/Abigail_Hairstyle2_Outfit1.prefab
  artifactKey: Guid(3dac68712223e9040bff58bea127152d) Importer(815301076,1909f56bfc062723c751e8b465ee728b)
Start importing Assets/Prefabs/Room/Booth/Stylized Office - Women/Prefabs/AbigailPrefabs/Abigail_Hairstyle2_Outfit1.prefab using Guid(3dac68712223e9040bff58bea127152d) Importer(815301076,1909f56bfc062723c751e8b465ee728b)  -> (artifact id: '62fb2760342abb60f5da632b385d3b3a') in 0.171254 seconds 
========================================================================
Received Import Request.
  Time since last request: 0.000067 seconds.
  path: Assets/Prefabs/Room/Booth/Stylized Office - Women/Prefabs/AbigailPrefabs/Abigail_Hairstyle1_Outfit5.prefab
  artifactKey: Guid(86699c0f6032c8d49bdb221d4abce1fb) Importer(815301076,1909f56bfc062723c751e8b465ee728b)
Start importing Assets/Prefabs/Room/Booth/Stylized Office - Women/Prefabs/AbigailPrefabs/Abigail_Hairstyle1_Outfit5.prefab using Guid(86699c0f6032c8d49bdb221d4abce1fb) Importer(815301076,1909f56bfc062723c751e8b465ee728b)  -> (artifact id: '056ef946213d68cd5d5cffd63562c12a') in 0.129506 seconds 
