Unity Editor version:    2021.2.3f1 (32358a8527b4)
Branch:                  2021.2/staging
Build type:              Release
Batch mode:              YES
macOS version:           Version 11.4 (Build 20F71)
Darwin version:          20.5.0
Architecture:            x86_64
Running under Rosetta:   NO
Available memory:        16384 MB
Using pre-set license
Pro License: NO

COMMAND LINE ARGUMENTS:
/Applications/Unity/Hub/Editor/2021.2.3f1/Unity.app/Contents/MacOS/Unity
-adb2
-batchMode
-noUpm
-name
AssetImportWorker1
-projectPath
/Users/hwaming/Documents/OCBC Documents/FRANK/Metaverse/frank-metaverse
-logFile
Logs/AssetImportWorker1.log
-srvPort
53449
Successfully changed project path to: /Users/hwaming/Documents/OCBC Documents/FRANK/Metaverse/frank-metaverse
/Users/hwaming/Documents/OCBC Documents/FRANK/Metaverse/frank-metaverse
[UnityMemory] Configuration Parameters - Can be set up in boot.config
    "memorysetup-bucket-allocator-granularity=16"
    "memorysetup-bucket-allocator-bucket-count=8"
    "memorysetup-bucket-allocator-block-size=33554432"
    "memorysetup-bucket-allocator-block-count=8"
    "memorysetup-main-allocator-block-size=16777216"
    "memorysetup-thread-allocator-block-size=16777216"
    "memorysetup-gfx-main-allocator-block-size=16777216"
    "memorysetup-gfx-thread-allocator-block-size=16777216"
    "memorysetup-cache-allocator-block-size=4194304"
    "memorysetup-typetree-allocator-block-size=2097152"
    "memorysetup-profiler-bucket-allocator-granularity=16"
    "memorysetup-profiler-bucket-allocator-bucket-count=8"
    "memorysetup-profiler-bucket-allocator-block-size=33554432"
    "memorysetup-profiler-bucket-allocator-block-count=8"
    "memorysetup-profiler-allocator-block-size=16777216"
    "memorysetup-profiler-editor-allocator-block-size=1048576"
    "memorysetup-temp-allocator-size-main=16777216"
    "memorysetup-job-temp-allocator-block-size=2097152"
    "memorysetup-job-temp-allocator-block-size-background=1048576"
    "memorysetup-job-temp-allocator-reduction-small-platforms=262144"
    "memorysetup-temp-allocator-size-background-worker=32768"
    "memorysetup-temp-allocator-size-job-worker=262144"
    "memorysetup-temp-allocator-size-preload-manager=33554432"
    "memorysetup-temp-allocator-size-nav-mesh-worker=65536"
    "memorysetup-temp-allocator-size-audio-worker=65536"
    "memorysetup-temp-allocator-size-cloud-worker=32768"
    "memorysetup-temp-allocator-size-gi-baking-worker=262144"
    "memorysetup-temp-allocator-size-gfx=262144"
Refreshing native plugins compatible for Editor in 53.36 ms, found 2 plugins.
Preloading 0 native plugins for Editor in 0.00 ms.
Initialize engine version: 2021.2.3f1 (32358a8527b4)
[Subsystems] Discovering subsystems at path /Applications/Unity/Hub/Editor/2021.2.3f1/Unity.app/Contents/Resources/UnitySubsystems
[Subsystems] Discovering subsystems at path /Users/hwaming/Documents/OCBC Documents/FRANK/Metaverse/frank-metaverse/Assets
GfxDevice: creating device client; threaded=0; jobified=0
Color LCD preferred device: Intel(R) Iris(TM) Plus Graphics (low power)
Metal devices available: 1
0: Intel(R) Iris(TM) Plus Graphics (low power)
Using device Intel(R) Iris(TM) Plus Graphics (low power)
Initializing Metal device caps: Intel(R) Iris(TM) Plus Graphics
Initialize mono
Mono path[0] = '/Applications/Unity/Hub/Editor/2021.2.3f1/Unity.app/Contents/Managed'
Mono path[1] = '/Applications/Unity/Hub/Editor/2021.2.3f1/Unity.app/Contents/MonoBleedingEdge/lib/mono/unityjit-macos'
Mono config path = '/Applications/Unity/Hub/Editor/2021.2.3f1/Unity.app/Contents/MonoBleedingEdge/etc'
Using monoOptions --debugger-agent=transport=dt_socket,embedding=1,server=y,suspend=n,address=127.0.0.1:56768
Begin MonoManager ReloadAssembly
Registering precompiled unity dll's ...
Register platform support module: /Applications/Unity/Hub/Editor/2021.2.3f1/Unity.app/Contents/PlaybackEngines/MacStandaloneSupport/UnityEditor.OSXStandalone.Extensions.dll
Registered in 0.001423 seconds.
Native extension for OSXStandalone target not found
Refreshing native plugins compatible for Editor in 50.82 ms, found 2 plugins.
Preloading 0 native plugins for Editor in 0.00 ms.
Mono: successfully reloaded assembly
- Completed reload, in  0.751 seconds
Domain Reload Profiling:
	ReloadAssembly (752ms)
		BeginReloadAssembly (67ms)
			ExecutionOrderSort (0ms)
			DisableScriptedObjects (0ms)
			BackupInstance (0ms)
			ReleaseScriptingObjects (0ms)
			CreateAndSetChildDomain (1ms)
		EndReloadAssembly (573ms)
			LoadAssemblies (66ms)
			RebuildTransferFunctionScriptingTraits (0ms)
			SetupTypeCache (161ms)
			ReleaseScriptCaches (0ms)
			RebuildScriptCaches (40ms)
			SetupLoadedEditorAssemblies (304ms)
				LogAssemblyErrors (0ms)
				InitializePlatformSupportModulesInManaged (16ms)
				SetLoadedEditorAssemblies (0ms)
				RefreshPlugins (51ms)
				BeforeProcessingInitializeOnLoad (2ms)
				ProcessInitializeOnLoadAttributes (175ms)
				ProcessInitializeOnLoadMethodAttributes (59ms)
				AfterProcessingInitializeOnLoad (0ms)
				EditorAssembliesLoaded (0ms)
			ExecutionOrderSort2 (0ms)
			AwakeInstancesAfterBackupRestoration (0ms)
Platform modules already initialized, skipping
Registering precompiled user dll's ...
Registered in 0.003628 seconds.
Begin MonoManager ReloadAssembly
OnLevelWasLoaded was found on Fading
This message has been deprecated and will be removed in a later version of Unity.
Add a delegate to SceneManager.sceneLoaded instead to get notifications after scene loading has completed
Native extension for OSXStandalone target not found
Refreshing native plugins compatible for Editor in 0.67 ms, found 2 plugins.
Preloading 0 native plugins for Editor in 0.00 ms.
Package Manager log level set to [2]
Mono: successfully reloaded assembly
- Completed reload, in  1.508 seconds
Domain Reload Profiling:
	ReloadAssembly (1509ms)
		BeginReloadAssembly (227ms)
			ExecutionOrderSort (0ms)
			DisableScriptedObjects (7ms)
			BackupInstance (0ms)
			ReleaseScriptingObjects (0ms)
			CreateAndSetChildDomain (40ms)
		EndReloadAssembly (1134ms)
			LoadAssemblies (78ms)
			RebuildTransferFunctionScriptingTraits (0ms)
			SetupTypeCache (291ms)
			ReleaseScriptCaches (0ms)
			RebuildScriptCaches (63ms)
			SetupLoadedEditorAssemblies (562ms)
				LogAssemblyErrors (0ms)
				InitializePlatformSupportModulesInManaged (10ms)
				SetLoadedEditorAssemblies (1ms)
				RefreshPlugins (1ms)
				BeforeProcessingInitializeOnLoad (64ms)
				ProcessInitializeOnLoadAttributes (370ms)
				ProcessInitializeOnLoadMethodAttributes (114ms)
				AfterProcessingInitializeOnLoad (2ms)
				EditorAssembliesLoaded (0ms)
			ExecutionOrderSort2 (0ms)
			AwakeInstancesAfterBackupRestoration (5ms)
Platform modules already initialized, skipping
========================================================================
Worker process is ready to serve import requests
Launching external process: /Applications/Unity/Hub/Editor/2021.2.3f1/Unity.app/Contents/Tools/UnityShaderCompiler
Launched and connected shader compiler UnityShaderCompiler after 0.02 seconds
Refreshing native plugins compatible for Editor in 0.72 ms, found 2 plugins.
Preloading 0 native plugins for Editor in 0.00 ms.
Unloading 2180 Unused Serialized files (Serialized files now loaded: 0)
Unloading 58 unused Assets / (44.6 KB). Loaded Objects now: 2619.
Memory consumption went from 184.4 MB to 184.4 MB.
Total: 6.873420 ms (FindLiveObjects: 0.162988 ms CreateObjectMapping: 0.095415 ms MarkObjects: 6.473453 ms  DeleteObjects: 0.140066 ms)

AssetImportParameters requested are different than current active one (requested -> active):
  custom:video-decoder-ogg-theora: a1e56fd34408186e4bbccfd4996cb3dc -> 
  custom:container-muxer-webm: aa71ff27fc2769a1b78a27578f13a17b -> 
  custom:container-demuxer-webm: 4f35f7cbe854078d1ac9338744f61a02 -> 
  custom:video-encoder-webm-vp8: eb34c28f22e8b96e1ab97ce403110664 -> 
  custom:framework-osx-AVFoundation: e770b220cccbd017edd2c1fefb359320 -> 
  custom:audio-encoder-webm-vorbis: bf7c407c2cedff20999df2af8eb42d56 -> 
  custom:container-demuxer-ogg: 62fdf1f143b41e24485cea50d1cbac27 -> 
  custom:video-decoder-webm-vp8: 9c59270c3fd7afecdb556c50c9e8de78 -> 
  custom:audio-decoder-ogg-vorbis: bf7c407c2cedff20999df2af8eb42d56 -> 
========================================================================
Received Import Request.
  Time since last request: 14893.620301 seconds.
  path: Assets/Prefabs/Room/Booth/Stylized Office - Women/Mesh/Props/BriefcaseBag.fbx
  artifactKey: Guid(bf649b8600f5ae846898062385cae4a3) Importer(815301076,1909f56bfc062723c751e8b465ee728b)
Start importing Assets/Prefabs/Room/Booth/Stylized Office - Women/Mesh/Props/BriefcaseBag.fbx using Guid(bf649b8600f5ae846898062385cae4a3) Importer(815301076,1909f56bfc062723c751e8b465ee728b)  -> (artifact id: '773a38a3099c362c4d6a56676c4dc798') in 1.448741 seconds 
========================================================================
Received Import Request.
  Time since last request: 0.000106 seconds.
  path: Assets/Prefabs/Room/Booth/Stylized Office - Women/Mesh/Scarlett/Scarlett_Hairstyle2.fbx
  artifactKey: Guid(e1ac37a1013c5d941b99e15a894f05a1) Importer(815301076,1909f56bfc062723c751e8b465ee728b)
Start importing Assets/Prefabs/Room/Booth/Stylized Office - Women/Mesh/Scarlett/Scarlett_Hairstyle2.fbx using Guid(e1ac37a1013c5d941b99e15a894f05a1) Importer(815301076,1909f56bfc062723c751e8b465ee728b)  -> (artifact id: '5b5344231ad726cbea3c1cd1608d717d') in 0.142197 seconds 
========================================================================
Received Import Request.
  Time since last request: 0.000070 seconds.
  path: Assets/Prefabs/Room/Booth/Stylized Office - Women/Mesh/Scarlett/Scarlett_Hairstyle3.fbx
  artifactKey: Guid(5be598fc766087c4db153e51d291534b) Importer(815301076,1909f56bfc062723c751e8b465ee728b)
Start importing Assets/Prefabs/Room/Booth/Stylized Office - Women/Mesh/Scarlett/Scarlett_Hairstyle3.fbx using Guid(5be598fc766087c4db153e51d291534b) Importer(815301076,1909f56bfc062723c751e8b465ee728b)  -> (artifact id: '3219b4876bac2128195edb6d57a5afcf') in 0.125880 seconds 
========================================================================
Received Import Request.
  Time since last request: 0.000098 seconds.
  path: Assets/Prefabs/Room/Booth/Stylized Office - Women/Mesh/Scarlett/Scarlett_Hairstyle4.fbx
  artifactKey: Guid(d610eb7557e69404e976f142aaf27f0e) Importer(815301076,1909f56bfc062723c751e8b465ee728b)
Start importing Assets/Prefabs/Room/Booth/Stylized Office - Women/Mesh/Scarlett/Scarlett_Hairstyle4.fbx using Guid(d610eb7557e69404e976f142aaf27f0e) Importer(815301076,1909f56bfc062723c751e8b465ee728b)  -> (artifact id: '3a88dcea15d2dc2bceeb8c595b2bd2e6') in 0.145650 seconds 
========================================================================
Received Import Request.
  Time since last request: 0.000669 seconds.
  path: Assets/Prefabs/Room/Booth/Stylized Office - Women/Mesh/Props/Pen.fbx
  artifactKey: Guid(361809ab6189499409ce4b28164c2d0c) Importer(815301076,1909f56bfc062723c751e8b465ee728b)
Start importing Assets/Prefabs/Room/Booth/Stylized Office - Women/Mesh/Props/Pen.fbx using Guid(361809ab6189499409ce4b28164c2d0c) Importer(815301076,1909f56bfc062723c751e8b465ee728b)  -> (artifact id: '6819f5fc67f9777a9873a5c6be48bca4') in 0.019705 seconds 
========================================================================
Received Import Request.
  Time since last request: 0.000093 seconds.
  path: Assets/Prefabs/Room/Booth/Stylized Office - Women/Mesh/Props/Clipboard.fbx
  artifactKey: Guid(546504205b42dbf48aaffece3839e18b) Importer(815301076,1909f56bfc062723c751e8b465ee728b)
Start importing Assets/Prefabs/Room/Booth/Stylized Office - Women/Mesh/Props/Clipboard.fbx using Guid(546504205b42dbf48aaffece3839e18b) Importer(815301076,1909f56bfc062723c751e8b465ee728b)  -> (artifact id: '6ed91a848c4859d4ff053900f2ba794c') in 0.021522 seconds 
========================================================================
Received Import Request.
  Time since last request: 0.000083 seconds.
  path: Assets/Prefabs/Room/Booth/Stylized Office - Women/Mesh/Abigail/Abigail_Hairstyle5.fbx
  artifactKey: Guid(7c0ac27170c847d45b27dadb7899d948) Importer(815301076,1909f56bfc062723c751e8b465ee728b)
Start importing Assets/Prefabs/Room/Booth/Stylized Office - Women/Mesh/Abigail/Abigail_Hairstyle5.fbx using Guid(7c0ac27170c847d45b27dadb7899d948) Importer(815301076,1909f56bfc062723c751e8b465ee728b)  -> (artifact id: '723637fe21658e40bf1ee473b928dd05') in 0.136436 seconds 
========================================================================
Received Import Request.
  Time since last request: 0.000109 seconds.
  path: Assets/Prefabs/Room/Booth/Stylized Office - Women/Mesh/Props/Tablet.fbx
  artifactKey: Guid(e401ca8ba46098144919c4e16ba79043) Importer(815301076,1909f56bfc062723c751e8b465ee728b)
Start importing Assets/Prefabs/Room/Booth/Stylized Office - Women/Mesh/Props/Tablet.fbx using Guid(e401ca8ba46098144919c4e16ba79043) Importer(815301076,1909f56bfc062723c751e8b465ee728b)  -> (artifact id: '690f8781479d34e4f791a85190ccd95f') in 0.037686 seconds 
========================================================================
Received Import Request.
  Time since last request: 0.000144 seconds.
  path: Assets/Prefabs/Room/Booth/Stylized Office - Women/Mesh/Abigail/Abigail_Hairstyle3.fbx
  artifactKey: Guid(657088d154487014ab209b11366004d5) Importer(815301076,1909f56bfc062723c751e8b465ee728b)
Start importing Assets/Prefabs/Room/Booth/Stylized Office - Women/Mesh/Abigail/Abigail_Hairstyle3.fbx using Guid(657088d154487014ab209b11366004d5) Importer(815301076,1909f56bfc062723c751e8b465ee728b)  -> (artifact id: '4def225e49cbbcf8ab88dcca7fcdf02a') in 0.140044 seconds 
========================================================================
Received Import Request.
  Time since last request: 0.000118 seconds.
  path: Assets/Prefabs/Room/Booth/Stylized Office - Women/Mesh/Dahlia/Dahlia_Hairstyle3.fbx
  artifactKey: Guid(199fb58c48d96fd4998f7dea1888e112) Importer(815301076,1909f56bfc062723c751e8b465ee728b)
Start importing Assets/Prefabs/Room/Booth/Stylized Office - Women/Mesh/Dahlia/Dahlia_Hairstyle3.fbx using Guid(199fb58c48d96fd4998f7dea1888e112) Importer(815301076,1909f56bfc062723c751e8b465ee728b)  -> (artifact id: '004f3f23c7d2d9ba0a108ccab1136901') in 0.156407 seconds 
========================================================================
Received Import Request.
  Time since last request: 0.000193 seconds.
  path: Assets/Prefabs/Room/Booth/Stylized Office - Women/Mesh/Dahlia/Dahlia_Hairstyle2.fbx
  artifactKey: Guid(7a0dfd163bd755b4ebe6919a1dbe4d8b) Importer(815301076,1909f56bfc062723c751e8b465ee728b)
Start importing Assets/Prefabs/Room/Booth/Stylized Office - Women/Mesh/Dahlia/Dahlia_Hairstyle2.fbx using Guid(7a0dfd163bd755b4ebe6919a1dbe4d8b) Importer(815301076,1909f56bfc062723c751e8b465ee728b)  -> (artifact id: '931f2f40d23f46226796c54815082604') in 0.131693 seconds 
========================================================================
Received Import Request.
  Time since last request: 0.000085 seconds.
  path: Assets/Prefabs/Room/Booth/Stylized Office - Women/Mesh/Dahlia/Dahlia_Hairstyle1.fbx
  artifactKey: Guid(f4f617f34b050874b906ff75c57fded7) Importer(815301076,1909f56bfc062723c751e8b465ee728b)
Start importing Assets/Prefabs/Room/Booth/Stylized Office - Women/Mesh/Dahlia/Dahlia_Hairstyle1.fbx using Guid(f4f617f34b050874b906ff75c57fded7) Importer(815301076,1909f56bfc062723c751e8b465ee728b)  -> (artifact id: 'f298b0c4979df2595b435be88c6624ac') in 0.132373 seconds 
========================================================================
Received Import Request.
  Time since last request: 4.003190 seconds.
  path: Assets/Prefabs/Room/Booth/Stylized Office - Women/Prefabs/DahliaPrefabs/Dahlia_Hairstyle5_Outfit3.prefab
  artifactKey: Guid(534a011979d9ede4bbd34e3afce0f1e6) Importer(815301076,1909f56bfc062723c751e8b465ee728b)
Start importing Assets/Prefabs/Room/Booth/Stylized Office - Women/Prefabs/DahliaPrefabs/Dahlia_Hairstyle5_Outfit3.prefab using Guid(534a011979d9ede4bbd34e3afce0f1e6) Importer(815301076,1909f56bfc062723c751e8b465ee728b)  -> (artifact id: '713b6e34fc0030ac2f7c0c93db0ad955') in 0.792175 seconds 
========================================================================
Received Import Request.
  Time since last request: 0.000119 seconds.
  path: Assets/Prefabs/Room/Booth/Stylized Office - Women/Prefabs/Props/Phone_Unlocked.prefab
  artifactKey: Guid(6ceb9b8868af9474fb03ea0d898a1857) Importer(815301076,1909f56bfc062723c751e8b465ee728b)
Start importing Assets/Prefabs/Room/Booth/Stylized Office - Women/Prefabs/Props/Phone_Unlocked.prefab using Guid(6ceb9b8868af9474fb03ea0d898a1857) Importer(815301076,1909f56bfc062723c751e8b465ee728b)  -> (artifact id: '0ed9fa6d0d0b7b171e6f4455e57ea6b5') in 0.243980 seconds 
========================================================================
Received Import Request.
  Time since last request: 0.000111 seconds.
  path: Assets/Prefabs/Room/Booth/Stylized Office - Women/Scene/SceneAssets/PropTable.prefab
  artifactKey: Guid(4c767ec1735b7974e8f849b6f536d46b) Importer(815301076,1909f56bfc062723c751e8b465ee728b)
Start importing Assets/Prefabs/Room/Booth/Stylized Office - Women/Scene/SceneAssets/PropTable.prefab using Guid(4c767ec1735b7974e8f849b6f536d46b) Importer(815301076,1909f56bfc062723c751e8b465ee728b)  -> (artifact id: '84d5b7283d864db97fd33cf49aed8f0b') in 0.145739 seconds 
========================================================================
Received Import Request.
  Time since last request: 0.000152 seconds.
  path: Assets/Prefabs/Room/Booth/Stylized Office - Women/Prefabs/ScarlettPrefabs/Scarlett_Hairstyle1_Outfit4.prefab
  artifactKey: Guid(92fd2391098343a49ba31e35703bb422) Importer(815301076,1909f56bfc062723c751e8b465ee728b)
Start importing Assets/Prefabs/Room/Booth/Stylized Office - Women/Prefabs/ScarlettPrefabs/Scarlett_Hairstyle1_Outfit4.prefab using Guid(92fd2391098343a49ba31e35703bb422) Importer(815301076,1909f56bfc062723c751e8b465ee728b)  -> (artifact id: '3fcbf7c3c4886b1db63c4419b9c0abc8') in 0.335157 seconds 
========================================================================
Received Import Request.
  Time since last request: 0.000089 seconds.
  path: Packages/com.unity.analytics/DataPrivacy/DataPrivacyButton.prefab
  artifactKey: Guid(71b11355001648444b41d17fd36c150d) Importer(815301076,1909f56bfc062723c751e8b465ee728b)
Start importing Packages/com.unity.analytics/DataPrivacy/DataPrivacyButton.prefab using Guid(71b11355001648444b41d17fd36c150d) Importer(815301076,1909f56bfc062723c751e8b465ee728b)  -> (artifact id: 'a4254839ddc09af4cc2ffbe578300e9f') in 0.029577 seconds 
========================================================================
Received Import Request.
  Time since last request: 0.000164 seconds.
  path: Assets/Prefabs/Room/Booth/Stylized Office - Women/Scene/SceneAssets/Floor1.prefab
  artifactKey: Guid(76b7b5ea5a5a0414aae6a7e1f793fc56) Importer(815301076,1909f56bfc062723c751e8b465ee728b)
Start importing Assets/Prefabs/Room/Booth/Stylized Office - Women/Scene/SceneAssets/Floor1.prefab using Guid(76b7b5ea5a5a0414aae6a7e1f793fc56) Importer(815301076,1909f56bfc062723c751e8b465ee728b)  -> (artifact id: '4bc6ba096ca4213f26c23db840a7b382') in 0.011609 seconds 
========================================================================
Received Import Request.
  Time since last request: 0.000083 seconds.
  path: Assets/Prefabs/Room/Booth/Stylized Office - Women/Prefabs/ScarlettPrefabs/Scarlett_Hairstyle1_Outfit2.prefab
  artifactKey: Guid(87a5b41cc63d67242a2724085947eb57) Importer(815301076,1909f56bfc062723c751e8b465ee728b)
Start importing Assets/Prefabs/Room/Booth/Stylized Office - Women/Prefabs/ScarlettPrefabs/Scarlett_Hairstyle1_Outfit2.prefab using Guid(87a5b41cc63d67242a2724085947eb57) Importer(815301076,1909f56bfc062723c751e8b465ee728b)  -> (artifact id: 'dc10f7c63aa6aac2c622cd2645df87c1') in 0.171616 seconds 
========================================================================
Received Import Request.
  Time since last request: 0.000128 seconds.
  path: Assets/Prefabs/Room/Booth/Stylized Office - Women/Prefabs/DahliaPrefabs/Dahlia_Hairstyle5_Outfit1.prefab
  artifactKey: Guid(7c82f9f2c256e3748a49d2291775aca1) Importer(815301076,1909f56bfc062723c751e8b465ee728b)
Start importing Assets/Prefabs/Room/Booth/Stylized Office - Women/Prefabs/DahliaPrefabs/Dahlia_Hairstyle5_Outfit1.prefab using Guid(7c82f9f2c256e3748a49d2291775aca1) Importer(815301076,1909f56bfc062723c751e8b465ee728b)  -> (artifact id: '34c972d89ae8c66b2823c5efad37e82f') in 0.146946 seconds 
========================================================================
Received Import Request.
  Time since last request: 0.000087 seconds.
  path: Assets/Prefabs/Room/Booth/Stylized Office - Women/Prefabs/DahliaPrefabs/Dahlia_Hairstyle4_Outfit2.prefab
  artifactKey: Guid(d93ab674255d9374388ebdba0e40019f) Importer(815301076,1909f56bfc062723c751e8b465ee728b)
Start importing Assets/Prefabs/Room/Booth/Stylized Office - Women/Prefabs/DahliaPrefabs/Dahlia_Hairstyle4_Outfit2.prefab using Guid(d93ab674255d9374388ebdba0e40019f) Importer(815301076,1909f56bfc062723c751e8b465ee728b)  -> (artifact id: '23138cae00cfad5e5a51b0cf9b25f72b') in 0.430725 seconds 
========================================================================
Received Import Request.
  Time since last request: 0.000089 seconds.
  path: Assets/Prefabs/Room/Booth/Stylized Office - Women/Prefabs/DahliaPrefabs/Dahlia_Hairstyle2_Outfit4.prefab
  artifactKey: Guid(3e7c273241b8d6e43964690e90350b3a) Importer(815301076,1909f56bfc062723c751e8b465ee728b)
Start importing Assets/Prefabs/Room/Booth/Stylized Office - Women/Prefabs/DahliaPrefabs/Dahlia_Hairstyle2_Outfit4.prefab using Guid(3e7c273241b8d6e43964690e90350b3a) Importer(815301076,1909f56bfc062723c751e8b465ee728b)  -> (artifact id: '4826e456ef581c129d00186c9ceeeddc') in 0.114288 seconds 
========================================================================
Received Import Request.
  Time since last request: 0.000126 seconds.
  path: Assets/Prefabs/Room/Booth/Stylized Office - Women/Prefabs/DahliaPrefabs/Dahlia_Hairstyle3_Outfit2.prefab
  artifactKey: Guid(c218986e225a37b42bdf7110c448b061) Importer(815301076,1909f56bfc062723c751e8b465ee728b)
Start importing Assets/Prefabs/Room/Booth/Stylized Office - Women/Prefabs/DahliaPrefabs/Dahlia_Hairstyle3_Outfit2.prefab using Guid(c218986e225a37b42bdf7110c448b061) Importer(815301076,1909f56bfc062723c751e8b465ee728b)  -> (artifact id: '3dc5713c88bcc280e284b40fc834fc56') in 0.162326 seconds 
========================================================================
Received Import Request.
  Time since last request: 0.000087 seconds.
  path: Assets/Prefabs/Room/Booth/Stylized Office - Women/Prefabs/DahliaPrefabs/Dahlia_Hairstyle3_Outfit1.prefab
  artifactKey: Guid(5ffc6590f5adb6e45bd114bf3cee6980) Importer(815301076,1909f56bfc062723c751e8b465ee728b)
Start importing Assets/Prefabs/Room/Booth/Stylized Office - Women/Prefabs/DahliaPrefabs/Dahlia_Hairstyle3_Outfit1.prefab using Guid(5ffc6590f5adb6e45bd114bf3cee6980) Importer(815301076,1909f56bfc062723c751e8b465ee728b)  -> (artifact id: 'c1c5925c09faf439ff469cbde454bb17') in 0.138685 seconds 
========================================================================
Received Import Request.
  Time since last request: 0.000106 seconds.
  path: Assets/Prefabs/Room/Booth/Stylized Office - Women/Prefabs/DahliaPrefabs/Dahlia_Hairstyle2_Outfit3.prefab
  artifactKey: Guid(b59deebbb2d53de498e2da3451bb4eeb) Importer(815301076,1909f56bfc062723c751e8b465ee728b)
Start importing Assets/Prefabs/Room/Booth/Stylized Office - Women/Prefabs/DahliaPrefabs/Dahlia_Hairstyle2_Outfit3.prefab using Guid(b59deebbb2d53de498e2da3451bb4eeb) Importer(815301076,1909f56bfc062723c751e8b465ee728b)  -> (artifact id: 'af5f3e375949729c354a7935c16ff1d0') in 0.130381 seconds 
========================================================================
Received Import Request.
  Time since last request: 0.000099 seconds.
  path: Assets/Prefabs/Room/Booth/Stylized Office - Women/Prefabs/DahliaPrefabs/Dahlia_Hairstyle4_Outfit4.prefab
  artifactKey: Guid(cd12db3084b9e284fb4fe039da4ecef0) Importer(815301076,1909f56bfc062723c751e8b465ee728b)
Start importing Assets/Prefabs/Room/Booth/Stylized Office - Women/Prefabs/DahliaPrefabs/Dahlia_Hairstyle4_Outfit4.prefab using Guid(cd12db3084b9e284fb4fe039da4ecef0) Importer(815301076,1909f56bfc062723c751e8b465ee728b)  -> (artifact id: '3443df50e6e65237fe6ac8d12b261176') in 0.112966 seconds 
========================================================================
Received Import Request.
  Time since last request: 0.000113 seconds.
  path: Assets/Prefabs/Room/Booth/Stylized Office - Women/Prefabs/DahliaPrefabs/Dahlia_Hairstyle4_Outfit6.prefab
  artifactKey: Guid(25257efd14385f34283b7bb89afcd649) Importer(815301076,1909f56bfc062723c751e8b465ee728b)
Start importing Assets/Prefabs/Room/Booth/Stylized Office - Women/Prefabs/DahliaPrefabs/Dahlia_Hairstyle4_Outfit6.prefab using Guid(25257efd14385f34283b7bb89afcd649) Importer(815301076,1909f56bfc062723c751e8b465ee728b)  -> (artifact id: '953fecac82dfac4a651d61e6e16c0234') in 0.136709 seconds 
========================================================================
Received Import Request.
  Time since last request: 0.000215 seconds.
  path: Assets/Prefabs/Room/Booth/Stylized Office - Women/Prefabs/DahliaPrefabs/Dahlia_Hairstyle4_Outfit1.prefab
  artifactKey: Guid(b5fbb64e10f5d374e953e1f54e554d88) Importer(815301076,1909f56bfc062723c751e8b465ee728b)
Start importing Assets/Prefabs/Room/Booth/Stylized Office - Women/Prefabs/DahliaPrefabs/Dahlia_Hairstyle4_Outfit1.prefab using Guid(b5fbb64e10f5d374e953e1f54e554d88) Importer(815301076,1909f56bfc062723c751e8b465ee728b)  -> (artifact id: '43f6d89e454a6bd98e452158b5742395') in 0.162389 seconds 
========================================================================
Received Import Request.
  Time since last request: 0.000164 seconds.
  path: Assets/Prefabs/Room/Booth/Stylized Office - Women/Prefabs/Props/IDCard.prefab
  artifactKey: Guid(690197e8c4a12574aa9aeb02e182778d) Importer(815301076,1909f56bfc062723c751e8b465ee728b)
Start importing Assets/Prefabs/Room/Booth/Stylized Office - Women/Prefabs/Props/IDCard.prefab using Guid(690197e8c4a12574aa9aeb02e182778d) Importer(815301076,1909f56bfc062723c751e8b465ee728b)  -> (artifact id: 'c143441513098bff23d6b4c4f52b4858') in 0.032200 seconds 
========================================================================
Received Import Request.
  Time since last request: 0.000079 seconds.
  path: Assets/Prefabs/Room/Booth/Stylized Office - Women/Prefabs/Props/Pen.prefab
  artifactKey: Guid(221cf9aafe90fd941a5888c07b313311) Importer(815301076,1909f56bfc062723c751e8b465ee728b)
Start importing Assets/Prefabs/Room/Booth/Stylized Office - Women/Prefabs/Props/Pen.prefab using Guid(221cf9aafe90fd941a5888c07b313311) Importer(815301076,1909f56bfc062723c751e8b465ee728b)  -> (artifact id: '1fd28c089bfa0b1f0a10f74bb84c724d') in 0.033002 seconds 
========================================================================
Received Import Request.
  Time since last request: 0.000117 seconds.
  path: Assets/Prefabs/Room/Booth/Stylized Office - Women/Prefabs/Props/Phone_Locked.prefab
  artifactKey: Guid(0682fc0c72105724e8b4f8da94fcf106) Importer(815301076,1909f56bfc062723c751e8b465ee728b)
Start importing Assets/Prefabs/Room/Booth/Stylized Office - Women/Prefabs/Props/Phone_Locked.prefab using Guid(0682fc0c72105724e8b4f8da94fcf106) Importer(815301076,1909f56bfc062723c751e8b465ee728b)  -> (artifact id: '00d09572fa6c2fe8994451d8cdf5d835') in 0.032619 seconds 
========================================================================
Received Import Request.
  Time since last request: 0.000170 seconds.
  path: Assets/Prefabs/Room/Booth/Stylized Office - Women/Prefabs/DahliaPrefabs/Dahlia_Hairstyle5_Outfit5.prefab
  artifactKey: Guid(4716241b5ca91bb4ba8c047601753ac6) Importer(815301076,1909f56bfc062723c751e8b465ee728b)
Start importing Assets/Prefabs/Room/Booth/Stylized Office - Women/Prefabs/DahliaPrefabs/Dahlia_Hairstyle5_Outfit5.prefab using Guid(4716241b5ca91bb4ba8c047601753ac6) Importer(815301076,1909f56bfc062723c751e8b465ee728b)  -> (artifact id: 'ef25b69b573d6c3c70bce8aa187f15e6') in 0.155785 seconds 
========================================================================
Received Import Request.
  Time since last request: 1.620652 seconds.
  path: Assets/Prefabs/Room/Booth/Stylized Office - Women/Prefabs/ScarlettPrefabs/Scarlett_Hairstyle1_Outfit6.prefab
  artifactKey: Guid(822a7935e40275945bd062c7ecca42b9) Importer(815301076,1909f56bfc062723c751e8b465ee728b)
Start importing Assets/Prefabs/Room/Booth/Stylized Office - Women/Prefabs/ScarlettPrefabs/Scarlett_Hairstyle1_Outfit6.prefab using Guid(822a7935e40275945bd062c7ecca42b9) Importer(815301076,1909f56bfc062723c751e8b465ee728b)  -> (artifact id: '46aa960a34ce1ac3495b6a677a0922ec') in 0.126707 seconds 
========================================================================
Received Import Request.
  Time since last request: 0.000096 seconds.
  path: Assets/Prefabs/Room/Booth/Stylized Office - Women/Prefabs/ScarlettPrefabs/Scarlett_Hairstyle2_Outfit3.prefab
  artifactKey: Guid(b240edc69a084fd408822d48ebb314fc) Importer(815301076,1909f56bfc062723c751e8b465ee728b)
Start importing Assets/Prefabs/Room/Booth/Stylized Office - Women/Prefabs/ScarlettPrefabs/Scarlett_Hairstyle2_Outfit3.prefab using Guid(b240edc69a084fd408822d48ebb314fc) Importer(815301076,1909f56bfc062723c751e8b465ee728b)  -> (artifact id: '042008bdece92cf89cb4636a719150b4') in 0.118638 seconds 
========================================================================
Received Import Request.
  Time since last request: 0.000156 seconds.
  path: Assets/Prefabs/Room/Booth/Stylized Office - Women/Prefabs/ScarlettPrefabs/Scarlett_Hairstyle2_Outfit5.prefab
  artifactKey: Guid(8279365cd41d23347a4f64450daaf2e2) Importer(815301076,1909f56bfc062723c751e8b465ee728b)
Start importing Assets/Prefabs/Room/Booth/Stylized Office - Women/Prefabs/ScarlettPrefabs/Scarlett_Hairstyle2_Outfit5.prefab using Guid(8279365cd41d23347a4f64450daaf2e2) Importer(815301076,1909f56bfc062723c751e8b465ee728b)  -> (artifact id: 'e74a3f8fee7f56bf81a309781ac96625') in 0.150673 seconds 
========================================================================
Received Import Request.
  Time since last request: 0.000131 seconds.
  path: Assets/Prefabs/Room/Booth/Stylized Office - Women/Prefabs/ScarlettPrefabs/Scarlett_Hairstyle2_Outfit2.prefab
  artifactKey: Guid(b3dd560d16583f643876a88caa5cfde0) Importer(815301076,1909f56bfc062723c751e8b465ee728b)
Start importing Assets/Prefabs/Room/Booth/Stylized Office - Women/Prefabs/ScarlettPrefabs/Scarlett_Hairstyle2_Outfit2.prefab using Guid(b3dd560d16583f643876a88caa5cfde0) Importer(815301076,1909f56bfc062723c751e8b465ee728b)  -> (artifact id: '60af87e2cef0963fe358133fbee78247') in 0.134996 seconds 
========================================================================
Received Import Request.
  Time since last request: 0.000193 seconds.
  path: Assets/Prefabs/Room/Booth/Stylized Office - Women/Prefabs/ScarlettPrefabs/Scarlett_Hairstyle2_Outfit1.prefab
  artifactKey: Guid(9aa83dd2ef45edb419160ae3ff45a8aa) Importer(815301076,1909f56bfc062723c751e8b465ee728b)
Start importing Assets/Prefabs/Room/Booth/Stylized Office - Women/Prefabs/ScarlettPrefabs/Scarlett_Hairstyle2_Outfit1.prefab using Guid(9aa83dd2ef45edb419160ae3ff45a8aa) Importer(815301076,1909f56bfc062723c751e8b465ee728b)  -> (artifact id: 'c7524e5c966ac1f1b135487387458b5e') in 0.139975 seconds 
========================================================================
Received Import Request.
  Time since last request: 0.007717 seconds.
  path: Assets/Prefabs/Room/Booth/Stylized Office - Women/Prefabs/ScarlettPrefabs/Scarlett_Hairstyle3_Outfit3.prefab
  artifactKey: Guid(85beb21e13492aa42bcae01986cd85fe) Importer(815301076,1909f56bfc062723c751e8b465ee728b)
Start importing Assets/Prefabs/Room/Booth/Stylized Office - Women/Prefabs/ScarlettPrefabs/Scarlett_Hairstyle3_Outfit3.prefab using Guid(85beb21e13492aa42bcae01986cd85fe) Importer(815301076,1909f56bfc062723c751e8b465ee728b)  -> (artifact id: 'd3f4d626a0c7986f5eb69be29c460172') in 0.124938 seconds 
========================================================================
Received Import Request.
  Time since last request: 0.000094 seconds.
  path: Assets/Prefabs/Room/Booth/Stylized Office - Women/Prefabs/ScarlettPrefabs/Scarlett_Hairstyle4_Outfit3.prefab
  artifactKey: Guid(8019863158ddbc64babfccf8f7674869) Importer(815301076,1909f56bfc062723c751e8b465ee728b)
Start importing Assets/Prefabs/Room/Booth/Stylized Office - Women/Prefabs/ScarlettPrefabs/Scarlett_Hairstyle4_Outfit3.prefab using Guid(8019863158ddbc64babfccf8f7674869) Importer(815301076,1909f56bfc062723c751e8b465ee728b)  -> (artifact id: 'b7ad5cca44874a96fc8b268dd5402994') in 0.111623 seconds 
========================================================================
Received Import Request.
  Time since last request: 0.000125 seconds.
  path: Assets/Prefabs/Room/Booth/Stylized Office - Women/Prefabs/ScarlettPrefabs/Scarlett_Hairstyle4_Outfit4.prefab
  artifactKey: Guid(a9186740156a4d64b8e1edbcae3d1c21) Importer(815301076,1909f56bfc062723c751e8b465ee728b)
Start importing Assets/Prefabs/Room/Booth/Stylized Office - Women/Prefabs/ScarlettPrefabs/Scarlett_Hairstyle4_Outfit4.prefab using Guid(a9186740156a4d64b8e1edbcae3d1c21) Importer(815301076,1909f56bfc062723c751e8b465ee728b)  -> (artifact id: '97cb63d9cdb60d65b764067731285b1b') in 0.126292 seconds 
========================================================================
Received Import Request.
  Time since last request: 0.000100 seconds.
  path: Assets/Prefabs/Room/Booth/Stylized Office - Women/Prefabs/ScarlettPrefabs/Scarlett_Hairstyle3_Outfit4.prefab
  artifactKey: Guid(c7a838551ab291c4faeaafaa7f328c0b) Importer(815301076,1909f56bfc062723c751e8b465ee728b)
Start importing Assets/Prefabs/Room/Booth/Stylized Office - Women/Prefabs/ScarlettPrefabs/Scarlett_Hairstyle3_Outfit4.prefab using Guid(c7a838551ab291c4faeaafaa7f328c0b) Importer(815301076,1909f56bfc062723c751e8b465ee728b)  -> (artifact id: '1a306a123b72e9ae60d512e1cc665c2a') in 0.116942 seconds 
========================================================================
Received Import Request.
  Time since last request: 0.000101 seconds.
  path: Assets/Prefabs/Room/Booth/Stylized Office - Women/Prefabs/ScarlettPrefabs/Scarlett_Hairstyle4_Outfit2.prefab
  artifactKey: Guid(bd0f3dd6f0c3b70419861b00e73d6091) Importer(815301076,1909f56bfc062723c751e8b465ee728b)
Start importing Assets/Prefabs/Room/Booth/Stylized Office - Women/Prefabs/ScarlettPrefabs/Scarlett_Hairstyle4_Outfit2.prefab using Guid(bd0f3dd6f0c3b70419861b00e73d6091) Importer(815301076,1909f56bfc062723c751e8b465ee728b)  -> (artifact id: '81c9ed90c59abd6c60a69147fdc6d52e') in 0.142234 seconds 
========================================================================
Received Import Request.
  Time since last request: 0.831493 seconds.
  path: Assets/Prefabs/Room/Booth/Stylized Office - Women/Prefabs/ScarlettPrefabs/Scarlett_Hairstyle4_Outfit6.prefab
  artifactKey: Guid(0c436d3b910cd1e449e80517460d530f) Importer(815301076,1909f56bfc062723c751e8b465ee728b)
Start importing Assets/Prefabs/Room/Booth/Stylized Office - Women/Prefabs/ScarlettPrefabs/Scarlett_Hairstyle4_Outfit6.prefab using Guid(0c436d3b910cd1e449e80517460d530f) Importer(815301076,1909f56bfc062723c751e8b465ee728b)  -> (artifact id: 'b39aef2a63782513733b20502d0fe76d') in 0.118253 seconds 
========================================================================
Received Import Request.
  Time since last request: 0.000102 seconds.
  path: Assets/Prefabs/Room/Booth/Stylized Office - Women/Prefabs/ScarlettPrefabs/Scarlett_Hairstyle5_Outfit5.prefab
  artifactKey: Guid(6eec227fdf6d4dd4d8e3799446926891) Importer(815301076,1909f56bfc062723c751e8b465ee728b)
Start importing Assets/Prefabs/Room/Booth/Stylized Office - Women/Prefabs/ScarlettPrefabs/Scarlett_Hairstyle5_Outfit5.prefab using Guid(6eec227fdf6d4dd4d8e3799446926891) Importer(815301076,1909f56bfc062723c751e8b465ee728b)  -> (artifact id: 'dbd3bd4b033d01ddb3a37c4515e819d1') in 0.130626 seconds 
========================================================================
Received Import Request.
  Time since last request: 0.000096 seconds.
  path: Assets/Prefabs/Room/Booth/Stylized Office - Women/Prefabs/ScarlettPrefabs/Scarlett_Hairstyle5_Outfit4.prefab
  artifactKey: Guid(dea81a1564823a043935b78c03b0c3bd) Importer(815301076,1909f56bfc062723c751e8b465ee728b)
Start importing Assets/Prefabs/Room/Booth/Stylized Office - Women/Prefabs/ScarlettPrefabs/Scarlett_Hairstyle5_Outfit4.prefab using Guid(dea81a1564823a043935b78c03b0c3bd) Importer(815301076,1909f56bfc062723c751e8b465ee728b)  -> (artifact id: 'ffd237f665dd5ed948431374fc2801c7') in 0.110590 seconds 
========================================================================
Received Import Request.
  Time since last request: 0.000150 seconds.
  path: Assets/Prefabs/Room/Booth/Stylized Office - Women/Prefabs/ScarlettPrefabs/Scarlett_Hairstyle5_Outfit1.prefab
  artifactKey: Guid(fc66ab22be157664996a98c8137aaeaf) Importer(815301076,1909f56bfc062723c751e8b465ee728b)
Start importing Assets/Prefabs/Room/Booth/Stylized Office - Women/Prefabs/ScarlettPrefabs/Scarlett_Hairstyle5_Outfit1.prefab using Guid(fc66ab22be157664996a98c8137aaeaf) Importer(815301076,1909f56bfc062723c751e8b465ee728b)  -> (artifact id: '2ab1231b6448bb2e318b429b22137dac') in 0.134930 seconds 
========================================================================
Received Import Request.
  Time since last request: 0.000091 seconds.
  path: Assets/Prefabs/Room/Booth/Stylized Office - Women/Prefabs/ScarlettPrefabs/Scarlett_Hairstyle5_Outfit6.prefab
  artifactKey: Guid(adfe972de7f5d1d4e8e23a5f8805dfba) Importer(815301076,1909f56bfc062723c751e8b465ee728b)
Start importing Assets/Prefabs/Room/Booth/Stylized Office - Women/Prefabs/ScarlettPrefabs/Scarlett_Hairstyle5_Outfit6.prefab using Guid(adfe972de7f5d1d4e8e23a5f8805dfba) Importer(815301076,1909f56bfc062723c751e8b465ee728b)  -> (artifact id: '74dd1dd574a3637792295c1b3f2af890') in 0.083372 seconds 
========================================================================
Received Import Request.
  Time since last request: 0.000105 seconds.
  path: Packages/com.unity.xr.legacyinputhelpers/Prefabs/XRRig.prefab
  artifactKey: Guid(c116b7497ab8ca34c9188965d4295e27) Importer(815301076,1909f56bfc062723c751e8b465ee728b)
Start importing Packages/com.unity.xr.legacyinputhelpers/Prefabs/XRRig.prefab using Guid(c116b7497ab8ca34c9188965d4295e27) Importer(815301076,1909f56bfc062723c751e8b465ee728b)  -> (artifact id: '2aacdbcecfc018f6d743dd619561dc7b') in 0.011524 seconds 
========================================================================
Received Import Request.
  Time since last request: 4.076159 seconds.
  path: Assets/Prefabs/Room/Booth/Stylized Office - Women/Prefabs/Props/CoffeeCup.prefab
  artifactKey: Guid(e292198637b30c04cbc10a010eda9421) Importer(815301076,1909f56bfc062723c751e8b465ee728b)
Start importing Assets/Prefabs/Room/Booth/Stylized Office - Women/Prefabs/Props/CoffeeCup.prefab using Guid(e292198637b30c04cbc10a010eda9421) Importer(815301076,1909f56bfc062723c751e8b465ee728b)  -> (artifact id: '5210390fa4b0ef816f9b9b1310419fb7') in 0.021335 seconds 
========================================================================
Received Import Request.
  Time since last request: 0.000076 seconds.
  path: Assets/Prefabs/Room/Booth/Stylized Office - Women/Prefabs/DahliaPrefabs/Dahlia_Hairstyle1_Outfit1.prefab
  artifactKey: Guid(c778a289cd0245248b20c5743182beff) Importer(815301076,1909f56bfc062723c751e8b465ee728b)
Start importing Assets/Prefabs/Room/Booth/Stylized Office - Women/Prefabs/DahliaPrefabs/Dahlia_Hairstyle1_Outfit1.prefab using Guid(c778a289cd0245248b20c5743182beff) Importer(815301076,1909f56bfc062723c751e8b465ee728b)  -> (artifact id: '9f08ab3e4ed6869e8a9312ef8bcb8dbc') in 0.174847 seconds 
========================================================================
Received Import Request.
  Time since last request: 0.000074 seconds.
  path: Assets/Prefabs/Room/Booth/Stylized Office - Women/Prefabs/DahliaPrefabs/Dahlia_Hairstyle1_Outfit4.prefab
  artifactKey: Guid(3bf5e776e27c48c458d3956289c287db) Importer(815301076,1909f56bfc062723c751e8b465ee728b)
Start importing Assets/Prefabs/Room/Booth/Stylized Office - Women/Prefabs/DahliaPrefabs/Dahlia_Hairstyle1_Outfit4.prefab using Guid(3bf5e776e27c48c458d3956289c287db) Importer(815301076,1909f56bfc062723c751e8b465ee728b)  -> (artifact id: '09f2c8d31441f7e682e4cd6f07919479') in 0.140066 seconds 
========================================================================
Received Import Request.
  Time since last request: 0.000097 seconds.
  path: Assets/Prefabs/Room/Booth/Stylized Office - Women/Prefabs/DahliaPrefabs/Dahlia_Hairstyle1_Outfit6.prefab
  artifactKey: Guid(934aee630ece0fe47890c209162fac31) Importer(815301076,1909f56bfc062723c751e8b465ee728b)
Start importing Assets/Prefabs/Room/Booth/Stylized Office - Women/Prefabs/DahliaPrefabs/Dahlia_Hairstyle1_Outfit6.prefab using Guid(934aee630ece0fe47890c209162fac31) Importer(815301076,1909f56bfc062723c751e8b465ee728b)  -> (artifact id: 'df286dc5a7b4781c0a85a930dbaccf12') in 0.141349 seconds 
========================================================================
Received Import Request.
  Time since last request: 0.189003 seconds.
  path: Assets/Prefabs/Room/Booth/Stylized Office - Women/Prefabs/AbigailPrefabs/Abigail_Hairstyle5_Outfit5.prefab
  artifactKey: Guid(27a30bf9d8238284ebef99c46bd3edcf) Importer(815301076,1909f56bfc062723c751e8b465ee728b)
Start importing Assets/Prefabs/Room/Booth/Stylized Office - Women/Prefabs/AbigailPrefabs/Abigail_Hairstyle5_Outfit5.prefab using Guid(27a30bf9d8238284ebef99c46bd3edcf) Importer(815301076,1909f56bfc062723c751e8b465ee728b)  -> (artifact id: '427d427131d9038f3f51c87c9d87dcdd') in 0.151646 seconds 
========================================================================
Received Import Request.
  Time since last request: 0.000075 seconds.
  path: Assets/Prefabs/Room/Booth/Stylized Office - Women/Prefabs/Props/BriefcaseBag.prefab
  artifactKey: Guid(2d47dffb2d4712946816a5e4b2d8cd73) Importer(815301076,1909f56bfc062723c751e8b465ee728b)
Start importing Assets/Prefabs/Room/Booth/Stylized Office - Women/Prefabs/Props/BriefcaseBag.prefab using Guid(2d47dffb2d4712946816a5e4b2d8cd73) Importer(815301076,1909f56bfc062723c751e8b465ee728b)  -> (artifact id: '126608d9b4193d589e08f3b7e61b4995') in 0.047652 seconds 
========================================================================
Received Import Request.
  Time since last request: 0.313544 seconds.
  path: Assets/Prefabs/Room/Booth/Stylized Office - Women/Prefabs/AbigailPrefabs/Abigail_Hairstyle4_Outfit2.prefab
  artifactKey: Guid(5a252035568c39a44bd245afe0c04751) Importer(815301076,1909f56bfc062723c751e8b465ee728b)
Start importing Assets/Prefabs/Room/Booth/Stylized Office - Women/Prefabs/AbigailPrefabs/Abigail_Hairstyle4_Outfit2.prefab using Guid(5a252035568c39a44bd245afe0c04751) Importer(815301076,1909f56bfc062723c751e8b465ee728b)  -> (artifact id: '52c20ce2ea5277675bda05078ce4c652') in 0.142299 seconds 
========================================================================
Received Import Request.
  Time since last request: 0.000094 seconds.
  path: Assets/Prefabs/Room/Booth/Stylized Office - Women/Prefabs/AbigailPrefabs/Abigail_Hairstyle5_Outfit1.prefab
  artifactKey: Guid(7a5c7d750db3ce64bbb5c96e79093afd) Importer(815301076,1909f56bfc062723c751e8b465ee728b)
Start importing Assets/Prefabs/Room/Booth/Stylized Office - Women/Prefabs/AbigailPrefabs/Abigail_Hairstyle5_Outfit1.prefab using Guid(7a5c7d750db3ce64bbb5c96e79093afd) Importer(815301076,1909f56bfc062723c751e8b465ee728b)  -> (artifact id: '10c7e13401f1b7750e33a13fc4e32c96') in 0.141657 seconds 
========================================================================
Received Import Request.
  Time since last request: 0.000076 seconds.
  path: Assets/Prefabs/Room/Booth/Stylized Office - Women/Prefabs/AbigailPrefabs/Abigail_Hairstyle5_Outfit3.prefab
  artifactKey: Guid(22544d8a855a0d24ea6a8ec8eef1de20) Importer(815301076,1909f56bfc062723c751e8b465ee728b)
Start importing Assets/Prefabs/Room/Booth/Stylized Office - Women/Prefabs/AbigailPrefabs/Abigail_Hairstyle5_Outfit3.prefab using Guid(22544d8a855a0d24ea6a8ec8eef1de20) Importer(815301076,1909f56bfc062723c751e8b465ee728b)  -> (artifact id: '2cd3bd692897291b6df6b555b62a8d56') in 0.118290 seconds 
========================================================================
Received Import Request.
  Time since last request: 0.000066 seconds.
  path: Assets/Prefabs/Room/Booth/Stylized Office - Women/Prefabs/AbigailPrefabs/Abigail_Hairstyle4_Outfit4.prefab
  artifactKey: Guid(01faecd6944f98644b39226b74a7146e) Importer(815301076,1909f56bfc062723c751e8b465ee728b)
Start importing Assets/Prefabs/Room/Booth/Stylized Office - Women/Prefabs/AbigailPrefabs/Abigail_Hairstyle4_Outfit4.prefab using Guid(01faecd6944f98644b39226b74a7146e) Importer(815301076,1909f56bfc062723c751e8b465ee728b)  -> (artifact id: '876be1ede6520a8ba852ef5fd6ce873a') in 0.120398 seconds 
========================================================================
Received Import Request.
  Time since last request: 0.000167 seconds.
  path: Assets/Prefabs/Room/Booth/Stylized Office - Women/Prefabs/AbigailPrefabs/Abigail_Hairstyle4_Outfit6.prefab
  artifactKey: Guid(1c97d67d8b912cc47a4d2e2b769b595d) Importer(815301076,1909f56bfc062723c751e8b465ee728b)
Start importing Assets/Prefabs/Room/Booth/Stylized Office - Women/Prefabs/AbigailPrefabs/Abigail_Hairstyle4_Outfit6.prefab using Guid(1c97d67d8b912cc47a4d2e2b769b595d) Importer(815301076,1909f56bfc062723c751e8b465ee728b)  -> (artifact id: '93685e4b6ab4544694de76fdca4cdd48') in 0.145106 seconds 
========================================================================
Received Import Request.
  Time since last request: 0.933969 seconds.
  path: Assets/Prefabs/Room/Booth/Stylized Office - Women/Prefabs/AbigailPrefabs/Abigail_Hairstyle2_Outfit5.prefab
  artifactKey: Guid(77e74a19159c26b4db2d6de1b129233d) Importer(815301076,1909f56bfc062723c751e8b465ee728b)
Start importing Assets/Prefabs/Room/Booth/Stylized Office - Women/Prefabs/AbigailPrefabs/Abigail_Hairstyle2_Outfit5.prefab using Guid(77e74a19159c26b4db2d6de1b129233d) Importer(815301076,1909f56bfc062723c751e8b465ee728b)  -> (artifact id: 'da818dab300e51b8bad80b1b823b462d') in 0.157325 seconds 
========================================================================
Received Import Request.
  Time since last request: 0.000103 seconds.
  path: Assets/Prefabs/Room/Booth/Stylized Office - Women/Prefabs/AbigailPrefabs/Abigail_Hairstyle3_Outfit2.prefab
  artifactKey: Guid(faf413a937dfab94a9ebe25e5de75a02) Importer(815301076,1909f56bfc062723c751e8b465ee728b)
Start importing Assets/Prefabs/Room/Booth/Stylized Office - Women/Prefabs/AbigailPrefabs/Abigail_Hairstyle3_Outfit2.prefab using Guid(faf413a937dfab94a9ebe25e5de75a02) Importer(815301076,1909f56bfc062723c751e8b465ee728b)  -> (artifact id: '985c646850a5ea70b13fcf1331f2ea1c') in 0.139698 seconds 
========================================================================
Received Import Request.
  Time since last request: 0.000161 seconds.
  path: Assets/Prefabs/Room/Booth/Stylized Office - Women/Prefabs/AbigailPrefabs/Abigail_Hairstyle2_Outfit6.prefab
  artifactKey: Guid(111c66b465a0f6c48bcbeedcc3fc04fe) Importer(815301076,1909f56bfc062723c751e8b465ee728b)
Start importing Assets/Prefabs/Room/Booth/Stylized Office - Women/Prefabs/AbigailPrefabs/Abigail_Hairstyle2_Outfit6.prefab using Guid(111c66b465a0f6c48bcbeedcc3fc04fe) Importer(815301076,1909f56bfc062723c751e8b465ee728b)  -> (artifact id: '4b87554fd5757947eadcbe74cd75aed8') in 0.148894 seconds 
========================================================================
Received Import Request.
  Time since last request: 0.000110 seconds.
  path: Assets/Prefabs/Room/Booth/Stylized Office - Women/Prefabs/AbigailPrefabs/Abigail_Hairstyle1_Outfit3.prefab
  artifactKey: Guid(3993799dc9e939c4086deab72ab0d623) Importer(815301076,1909f56bfc062723c751e8b465ee728b)
Start importing Assets/Prefabs/Room/Booth/Stylized Office - Women/Prefabs/AbigailPrefabs/Abigail_Hairstyle1_Outfit3.prefab using Guid(3993799dc9e939c4086deab72ab0d623) Importer(815301076,1909f56bfc062723c751e8b465ee728b)  -> (artifact id: 'a6417ea7717f46b30478d257f54df123') in 0.128988 seconds 
========================================================================
Received Import Request.
  Time since last request: 0.000085 seconds.
  path: Assets/Prefabs/Room/Booth/Stylized Office - Women/Prefabs/AbigailPrefabs/Abigail_Hairstyle1_Outfit2.prefab
  artifactKey: Guid(1c411c459942d0d46888a243532013f7) Importer(815301076,1909f56bfc062723c751e8b465ee728b)
Start importing Assets/Prefabs/Room/Booth/Stylized Office - Women/Prefabs/AbigailPrefabs/Abigail_Hairstyle1_Outfit2.prefab using Guid(1c411c459942d0d46888a243532013f7) Importer(815301076,1909f56bfc062723c751e8b465ee728b)  -> (artifact id: '6067e7d246ca70ea389966dd43d92538') in 0.104099 seconds 
========================================================================
Received Import Request.
  Time since last request: 0.000182 seconds.
  path: Assets/Prefabs/Room/Booth/Stylized Office - Women/Prefabs/AbigailPrefabs/Abigail_Hairstyle1_Outfit4.prefab
  artifactKey: Guid(655ee0e019a0adc43a2de29f853baa78) Importer(815301076,1909f56bfc062723c751e8b465ee728b)
Start importing Assets/Prefabs/Room/Booth/Stylized Office - Women/Prefabs/AbigailPrefabs/Abigail_Hairstyle1_Outfit4.prefab using Guid(655ee0e019a0adc43a2de29f853baa78) Importer(815301076,1909f56bfc062723c751e8b465ee728b)  -> (artifact id: 'ec5b7a45e796ba1262277b235ca2cb28') in 0.102845 seconds 
========================================================================
Received Import Request.
  Time since last request: 0.000116 seconds.
  path: Assets/Prefabs/Room/Booth/Stylized Office - Women/Prefabs/AbigailPrefabs/Abigail_Hairstyle2_Outfit3.prefab
  artifactKey: Guid(fee062edfcaddad44a09d60dd9be34be) Importer(815301076,1909f56bfc062723c751e8b465ee728b)
Start importing Assets/Prefabs/Room/Booth/Stylized Office - Women/Prefabs/AbigailPrefabs/Abigail_Hairstyle2_Outfit3.prefab using Guid(fee062edfcaddad44a09d60dd9be34be) Importer(815301076,1909f56bfc062723c751e8b465ee728b)  -> (artifact id: '189ce7b68a51d61f5cd38b475b5a5cd8') in 0.112648 seconds 
========================================================================
Received Import Request.
  Time since last request: 0.000134 seconds.
  path: Assets/Prefabs/Room/Booth/Stylized Office - Women/Prefabs/AbigailPrefabs/Abigail_Hairstyle1_Outfit6.prefab
  artifactKey: Guid(78a73d3acc80f4742a1c294f73530db8) Importer(815301076,1909f56bfc062723c751e8b465ee728b)
Start importing Assets/Prefabs/Room/Booth/Stylized Office - Women/Prefabs/AbigailPrefabs/Abigail_Hairstyle1_Outfit6.prefab using Guid(78a73d3acc80f4742a1c294f73530db8) Importer(815301076,1909f56bfc062723c751e8b465ee728b)  -> (artifact id: '328a5867097d72efc0a627c4c68a94db') in 0.117242 seconds 
========================================================================
Received Import Request.
  Time since last request: 0.000137 seconds.
  path: Assets/Prefabs/Room/Booth/Stylized Office - Women/Prefabs/AbigailPrefabs/Abigail_Hairstyle3_Outfit4.prefab
  artifactKey: Guid(3f5bbbb8d7e3f564687fd3dea57f0009) Importer(815301076,1909f56bfc062723c751e8b465ee728b)
Start importing Assets/Prefabs/Room/Booth/Stylized Office - Women/Prefabs/AbigailPrefabs/Abigail_Hairstyle3_Outfit4.prefab using Guid(3f5bbbb8d7e3f564687fd3dea57f0009) Importer(815301076,1909f56bfc062723c751e8b465ee728b)  -> (artifact id: 'e3ee4936ed40648dbf1ac08180be753d') in 0.118695 seconds 
========================================================================
Received Import Request.
  Time since last request: 0.000099 seconds.
  path: Assets/Prefabs/Room/Booth/Stylized Office - Women/Prefabs/AbigailPrefabs/Abigail_Hairstyle3_Outfit1.prefab
  artifactKey: Guid(3306203c7d8ee594b8e40b19f283216b) Importer(815301076,1909f56bfc062723c751e8b465ee728b)
Start importing Assets/Prefabs/Room/Booth/Stylized Office - Women/Prefabs/AbigailPrefabs/Abigail_Hairstyle3_Outfit1.prefab using Guid(3306203c7d8ee594b8e40b19f283216b) Importer(815301076,1909f56bfc062723c751e8b465ee728b)  -> (artifact id: '6ef16266e8304ba020a130197f8083e7') in 0.165045 seconds 
